INFO:root:Starting chatbot
DEBUG:chaosface.chatbot.chatbot:Setting IRC info
INFO:root:Starting GUI
INFO:chaosface.chatbot.chatbot:Chatbot: Waiting 0 seconds before reconnection attempt
DEBUG:asyncio:Using proactor: IocpProactor
ERROR:chaosface.chatbot.chatbot:Error connecting to Twitch, will attempt again...
ERROR:chaosface.chatbot.chatbot:str, bytes or bytearray expected, not StringProp
INFO:chaosface.chatbot.chatbot:Chatbot: Waiting 1 seconds before reconnection attempt
INFO:root:Starting chatbot
DEBUG:chaosface.chatbot.chatbot:Setting IRC info
INFO:chaosface.chatbot.chatbot:Chatbot: Waiting 0 seconds before reconnection attempt
INFO:root:Starting GUI
DEBUG:asyncio:Using proactor: IocpProactor
ERROR:chaosface.chatbot.chatbot:Error connecting to Twitch, will attempt again...
ERROR:chaosface.chatbot.chatbot:str, bytes or bytearray expected, not StringProp
INFO:chaosface.chatbot.chatbot:Chatbot: Waiting 1 seconds before reconnection attempt
INFO:root:Starting chatbot
DEBUG:chaosface.chatbot.chatbot:Setting IRC info
INFO:chaosface.chatbot.chatbot:Chatbot: Waiting 0 seconds before reconnection attempt
INFO:root:Starting GUI
ERROR:chaosface.chatbot.chatbot:Error connecting to Twitch, will attempt again...
INFO:root:Starting chatbot
DEBUG:chaosface.chatbot.chatbot:Setting IRC info
INFO:chaosface.chatbot.chatbot:Chatbot: Waiting 0 seconds before reconnection attempt
INFO:root:Starting GUI
ERROR:chaosface.chatbot.chatbot:Error connecting to Twitch, will attempt again...
DEBUG:asyncio:Using proactor: IocpProactor
ERROR:chaosface.chatbot.chatbot:str, bytes or bytearray expected, not StringProp
INFO:chaosface.chatbot.chatbot:Chatbot: Waiting 1 seconds before reconnection attempt
ERROR:chaosface.chatbot.chatbot:Error connecting to Twitch, will attempt again...
ERROR:chaosface.chatbot.chatbot:str, bytes or bytearray expected, not StringProp
INFO:chaosface.chatbot.chatbot:Chatbot: Waiting 2 seconds before reconnection attempt
ERROR:chaosface.chatbot.chatbot:Error connecting to Twitch, will attempt again...
ERROR:chaosface.chatbot.chatbot:str, bytes or bytearray expected, not StringProp
INFO:chaosface.chatbot.chatbot:Chatbot: Waiting 4 seconds before reconnection attempt
ERROR:chaosface.chatbot.chatbot:Error connecting to Twitch, will attempt again...
ERROR:chaosface.chatbot.chatbot:str, bytes or bytearray expected, not StringProp
INFO:chaosface.chatbot.chatbot:Chatbot: Waiting 8 seconds before reconnection attempt
ERROR:chaosface.chatbot.chatbot:Error connecting to Twitch, will attempt again...
ERROR:chaosface.chatbot.chatbot:str, bytes or bytearray expected, not StringProp
INFO:chaosface.chatbot.chatbot:Chatbot: Waiting 8 seconds before reconnection attempt
ERROR:chaosface.chatbot.chatbot:Error connecting to Twitch, will attempt again...
ERROR:chaosface.chatbot.chatbot:str, bytes or bytearray expected, not StringProp
INFO:chaosface.chatbot.chatbot:Chatbot: Waiting 8 seconds before reconnection attempt
ERROR:chaosface.chatbot.chatbot:Error connecting to Twitch, will attempt again...
ERROR:chaosface.chatbot.chatbot:str, bytes or bytearray expected, not StringProp
INFO:chaosface.chatbot.chatbot:Chatbot: Waiting 8 seconds before reconnection attempt
ERROR:chaosface.chatbot.chatbot:Error connecting to Twitch, will attempt again...
ERROR:chaosface.chatbot.chatbot:str, bytes or bytearray expected, not StringProp
INFO:chaosface.chatbot.chatbot:Chatbot: Waiting 8 seconds before reconnection attempt
INFO:root:Starting chatbot
DEBUG:chaosface.chatbot.chatbot:Setting IRC info
INFO:root:Starting GUI
DEBUG:asyncio:Using proactor: IocpProactor
INFO:chaosface.chatbot.chatbot:Chatbot: Waiting 0 seconds before reconnection attempt
ERROR:chaosface.chatbot.chatbot:Error connecting to Twitch, will attempt again...
ERROR:chaosface.chatbot.chatbot:str, bytes or bytearray expected, not StringProp
INFO:chaosface.chatbot.chatbot:Chatbot: Waiting 1 seconds before reconnection attempt
ERROR:chaosface.chatbot.chatbot:Error connecting to Twitch, will attempt again...
ERROR:chaosface.chatbot.chatbot:str, bytes or bytearray expected, not StringProp
INFO:chaosface.chatbot.chatbot:Chatbot: Waiting 2 seconds before reconnection attempt
ERROR:chaosface.chatbot.chatbot:Error connecting to Twitch, will attempt again...
ERROR:chaosface.chatbot.chatbot:str, bytes or bytearray expected, not StringProp
INFO:chaosface.chatbot.chatbot:Chatbot: Waiting 4 seconds before reconnection attempt
ERROR:chaosface.chatbot.chatbot:Error connecting to Twitch, will attempt again...
ERROR:chaosface.chatbot.chatbot:str, bytes or bytearray expected, not StringProp
INFO:chaosface.chatbot.chatbot:Chatbot: Waiting 8 seconds before reconnection attempt
ERROR:chaosface.chatbot.chatbot:Error connecting to Twitch, will attempt again...
ERROR:chaosface.chatbot.chatbot:str, bytes or bytearray expected, not StringProp
INFO:chaosface.chatbot.chatbot:Chatbot: Waiting 8 seconds before reconnection attempt
INFO:root:Starting chatbot
DEBUG:chaosface.chatbot.chatbot:Setting IRC info
INFO:root:Starting GUI
INFO:chaosface.chatbot.chatbot:Chatbot: Waiting 0 seconds before reconnection attempt
DEBUG:asyncio:Using proactor: IocpProactor
ERROR:chaosface.chatbot.chatbot:Error connecting to Twitch, will attempt again...
ERROR:chaosface.chatbot.chatbot:str, bytes or bytearray expected, not StringProp
INFO:chaosface.chatbot.chatbot:Chatbot: Waiting 1 seconds before reconnection attempt
ERROR:chaosface.chatbot.chatbot:Error connecting to Twitch, will attempt again...
ERROR:chaosface.chatbot.chatbot:str, bytes or bytearray expected, not StringProp
INFO:chaosface.chatbot.chatbot:Chatbot: Waiting 2 seconds before reconnection attempt
ERROR:chaosface.chatbot.chatbot:Error connecting to Twitch, will attempt again...
ERROR:chaosface.chatbot.chatbot:str, bytes or bytearray expected, not StringProp
INFO:chaosface.chatbot.chatbot:Chatbot: Waiting 4 seconds before reconnection attempt
ERROR:chaosface.chatbot.chatbot:Error connecting to Twitch, will attempt again...
ERROR:chaosface.chatbot.chatbot:str, bytes or bytearray expected, not StringProp
INFO:chaosface.chatbot.chatbot:Chatbot: Waiting 8 seconds before reconnection attempt
ERROR:chaosface.chatbot.chatbot:Error connecting to Twitch, will attempt again...
ERROR:chaosface.chatbot.chatbot:str, bytes or bytearray expected, not StringProp
INFO:chaosface.chatbot.chatbot:Chatbot: Waiting 8 seconds before reconnection attempt
ERROR:chaosface.chatbot.chatbot:Error connecting to Twitch, will attempt again...
ERROR:chaosface.chatbot.chatbot:str, bytes or bytearray expected, not StringProp
INFO:chaosface.chatbot.chatbot:Chatbot: Waiting 8 seconds before reconnection attempt
INFO:tornado.access:200 GET / (127.0.0.1) 2.00ms
ERROR:tornado.application:Uncaught exception GET /MainInterface/ (127.0.0.1)
HTTPServerRequest(protocol='http', host='localhost', method='GET', uri='/MainInterface/', version='HTTP/1.1', remote_ip='127.0.0.1')
Traceback (most recent call last):
  File "c:\Users\karl\Documents\Twitch\TCC\chaos\chaosface\venv\lib\site-packages\tornado\web.py", line 1704, in _execute
    result = await result
  File "c:\Users\karl\Documents\Twitch\TCC\chaos\chaosface\venv\lib\site-packages\tornado\gen.py", line 216, in wrapper
    result = ctx_run(func, *args, **kwargs)
  File "c:\Users\karl\Documents\Twitch\TCC\chaos\chaosface\venv\lib\site-packages\flexx\app\_tornadoserver.py", line 252, in get
    self._get_app(app_name, path)  # An actual app!
  File "c:\Users\karl\Documents\Twitch\TCC\chaos\chaosface\venv\lib\site-packages\flexx\app\_tornadoserver.py", line 289, in _get_app
    session = manager.create_session(app_name, request=self.request)
  File "c:\Users\karl\Documents\Twitch\TCC\chaos\chaosface\venv\lib\site-packages\flexx\app\_app.py", line 591, in create_session
    app(flx_session=session, flx_is_app=True)
  File "c:\Users\karl\Documents\Twitch\TCC\chaos\chaosface\venv\lib\site-packages\flexx\app\_app.py", line 77, in __call__
    return self.cls(*a, **kw)
  File "c:\Users\karl\Documents\Twitch\TCC\chaos\chaosface\venv\lib\site-packages\flexx\ui\_widget.py", line 1154, in __init__
    super().__init__(*args, **kwargs)
  File "c:\Users\karl\Documents\Twitch\TCC\chaos\chaosface\venv\lib\site-packages\flexx\event\_component.py", line 212, in __init__
    self.init(*init_args)
  File "C:\Users\karl\Documents\Twitch\TCC\chaos\chaosface\chaosface\gui\flexxgui.py", line 126, in init
    self.interface = StreamerInterface(self.relay, title='Interface')
AttributeError: 'MainInterface' object has no attribute 'relay'
ERROR:tornado.access:500 GET /MainInterface/ (127.0.0.1) 27.01ms
ERROR:chaosface.chatbot.chatbot:Error connecting to Twitch, will attempt again...
ERROR:chaosface.chatbot.chatbot:str, bytes or bytearray expected, not StringProp
INFO:chaosface.chatbot.chatbot:Chatbot: Waiting 8 seconds before reconnection attempt
ERROR:chaosface.chatbot.chatbot:Error connecting to Twitch, will attempt again...
ERROR:chaosface.chatbot.chatbot:str, bytes or bytearray expected, not StringProp
INFO:chaosface.chatbot.chatbot:Chatbot: Waiting 8 seconds before reconnection attempt
ERROR:chaosface.chatbot.chatbot:Error connecting to Twitch, will attempt again...
ERROR:chaosface.chatbot.chatbot:str, bytes or bytearray expected, not StringProp
INFO:chaosface.chatbot.chatbot:Chatbot: Waiting 8 seconds before reconnection attempt
ERROR:chaosface.chatbot.chatbot:Error connecting to Twitch, will attempt again...
ERROR:chaosface.chatbot.chatbot:str, bytes or bytearray expected, not StringProp
INFO:chaosface.chatbot.chatbot:Chatbot: Waiting 8 seconds before reconnection attempt
ERROR:chaosface.chatbot.chatbot:Error connecting to Twitch, will attempt again...
ERROR:chaosface.chatbot.chatbot:str, bytes or bytearray expected, not StringProp
INFO:chaosface.chatbot.chatbot:Chatbot: Waiting 8 seconds before reconnection attempt
ERROR:chaosface.chatbot.chatbot:Error connecting to Twitch, will attempt again...
ERROR:chaosface.chatbot.chatbot:str, bytes or bytearray expected, not StringProp
INFO:chaosface.chatbot.chatbot:Chatbot: Waiting 8 seconds before reconnection attempt
ERROR:chaosface.chatbot.chatbot:Error connecting to Twitch, will attempt again...
ERROR:chaosface.chatbot.chatbot:str, bytes or bytearray expected, not StringProp
INFO:chaosface.chatbot.chatbot:Chatbot: Waiting 8 seconds before reconnection attempt
ERROR:chaosface.chatbot.chatbot:Error connecting to Twitch, will attempt again...
ERROR:chaosface.chatbot.chatbot:str, bytes or bytearray expected, not StringProp
INFO:chaosface.chatbot.chatbot:Chatbot: Waiting 8 seconds before reconnection attempt
ERROR:chaosface.chatbot.chatbot:Error connecting to Twitch, will attempt again...
ERROR:chaosface.chatbot.chatbot:str, bytes or bytearray expected, not StringProp
INFO:chaosface.chatbot.chatbot:Chatbot: Waiting 8 seconds before reconnection attempt
ERROR:chaosface.chatbot.chatbot:Error connecting to Twitch, will attempt again...
ERROR:chaosface.chatbot.chatbot:str, bytes or bytearray expected, not StringProp
INFO:chaosface.chatbot.chatbot:Chatbot: Waiting 8 seconds before reconnection attempt
ERROR:chaosface.chatbot.chatbot:Error connecting to Twitch, will attempt again...
ERROR:chaosface.chatbot.chatbot:str, bytes or bytearray expected, not StringProp
INFO:chaosface.chatbot.chatbot:Chatbot: Waiting 8 seconds before reconnection attempt
ERROR:chaosface.chatbot.chatbot:Error connecting to Twitch, will attempt again...
ERROR:chaosface.chatbot.chatbot:str, bytes or bytearray expected, not StringProp
INFO:chaosface.chatbot.chatbot:Chatbot: Waiting 8 seconds before reconnection attempt
ERROR:chaosface.chatbot.chatbot:Error connecting to Twitch, will attempt again...
ERROR:chaosface.chatbot.chatbot:str, bytes or bytearray expected, not StringProp
INFO:chaosface.chatbot.chatbot:Chatbot: Waiting 8 seconds before reconnection attempt
ERROR:chaosface.chatbot.chatbot:Error connecting to Twitch, will attempt again...
ERROR:chaosface.chatbot.chatbot:str, bytes or bytearray expected, not StringProp
INFO:chaosface.chatbot.chatbot:Chatbot: Waiting 8 seconds before reconnection attempt
ERROR:chaosface.chatbot.chatbot:Error connecting to Twitch, will attempt again...
ERROR:chaosface.chatbot.chatbot:str, bytes or bytearray expected, not StringProp
INFO:chaosface.chatbot.chatbot:Chatbot: Waiting 8 seconds before reconnection attempt
ERROR:chaosface.chatbot.chatbot:Error connecting to Twitch, will attempt again...
ERROR:chaosface.chatbot.chatbot:str, bytes or bytearray expected, not StringProp
INFO:chaosface.chatbot.chatbot:Chatbot: Waiting 8 seconds before reconnection attempt
ERROR:chaosface.chatbot.chatbot:Error connecting to Twitch, will attempt again...
ERROR:chaosface.chatbot.chatbot:str, bytes or bytearray expected, not StringProp
INFO:chaosface.chatbot.chatbot:Chatbot: Waiting 8 seconds before reconnection attempt
ERROR:chaosface.chatbot.chatbot:Error connecting to Twitch, will attempt again...
ERROR:chaosface.chatbot.chatbot:str, bytes or bytearray expected, not StringProp
INFO:chaosface.chatbot.chatbot:Chatbot: Waiting 8 seconds before reconnection attempt
ERROR:chaosface.chatbot.chatbot:Error connecting to Twitch, will attempt again...
ERROR:chaosface.chatbot.chatbot:str, bytes or bytearray expected, not StringProp
INFO:chaosface.chatbot.chatbot:Chatbot: Waiting 8 seconds before reconnection attempt
ERROR:chaosface.chatbot.chatbot:Error connecting to Twitch, will attempt again...
ERROR:chaosface.chatbot.chatbot:str, bytes or bytearray expected, not StringProp
INFO:chaosface.chatbot.chatbot:Chatbot: Waiting 8 seconds before reconnection attempt
ERROR:chaosface.chatbot.chatbot:Error connecting to Twitch, will attempt again...
ERROR:chaosface.chatbot.chatbot:str, bytes or bytearray expected, not StringProp
INFO:chaosface.chatbot.chatbot:Chatbot: Waiting 8 seconds before reconnection attempt
ERROR:chaosface.chatbot.chatbot:Error connecting to Twitch, will attempt again...
ERROR:chaosface.chatbot.chatbot:str, bytes or bytearray expected, not StringProp
INFO:chaosface.chatbot.chatbot:Chatbot: Waiting 8 seconds before reconnection attempt
ERROR:chaosface.chatbot.chatbot:Error connecting to Twitch, will attempt again...
ERROR:chaosface.chatbot.chatbot:str, bytes or bytearray expected, not StringProp
INFO:chaosface.chatbot.chatbot:Chatbot: Waiting 8 seconds before reconnection attempt
ERROR:chaosface.chatbot.chatbot:Error connecting to Twitch, will attempt again...
ERROR:chaosface.chatbot.chatbot:str, bytes or bytearray expected, not StringProp
INFO:chaosface.chatbot.chatbot:Chatbot: Waiting 8 seconds before reconnection attempt
ERROR:chaosface.chatbot.chatbot:Error connecting to Twitch, will attempt again...
ERROR:chaosface.chatbot.chatbot:str, bytes or bytearray expected, not StringProp
INFO:chaosface.chatbot.chatbot:Chatbot: Waiting 8 seconds before reconnection attempt
ERROR:chaosface.chatbot.chatbot:Error connecting to Twitch, will attempt again...
ERROR:chaosface.chatbot.chatbot:str, bytes or bytearray expected, not StringProp
INFO:chaosface.chatbot.chatbot:Chatbot: Waiting 8 seconds before reconnection attempt
ERROR:chaosface.chatbot.chatbot:Error connecting to Twitch, will attempt again...
ERROR:chaosface.chatbot.chatbot:str, bytes or bytearray expected, not StringProp
INFO:chaosface.chatbot.chatbot:Chatbot: Waiting 8 seconds before reconnection attempt
ERROR:chaosface.chatbot.chatbot:Error connecting to Twitch, will attempt again...
ERROR:chaosface.chatbot.chatbot:str, bytes or bytearray expected, not StringProp
INFO:chaosface.chatbot.chatbot:Chatbot: Waiting 8 seconds before reconnection attempt
ERROR:chaosface.chatbot.chatbot:Error connecting to Twitch, will attempt again...
ERROR:chaosface.chatbot.chatbot:str, bytes or bytearray expected, not StringProp
INFO:chaosface.chatbot.chatbot:Chatbot: Waiting 8 seconds before reconnection attempt
ERROR:chaosface.chatbot.chatbot:Error connecting to Twitch, will attempt again...
ERROR:chaosface.chatbot.chatbot:str, bytes or bytearray expected, not StringProp
INFO:chaosface.chatbot.chatbot:Chatbot: Waiting 8 seconds before reconnection attempt
ERROR:chaosface.chatbot.chatbot:Error connecting to Twitch, will attempt again...
ERROR:chaosface.chatbot.chatbot:str, bytes or bytearray expected, not StringProp
INFO:chaosface.chatbot.chatbot:Chatbot: Waiting 8 seconds before reconnection attempt
ERROR:chaosface.chatbot.chatbot:Error connecting to Twitch, will attempt again...
ERROR:chaosface.chatbot.chatbot:str, bytes or bytearray expected, not StringProp
INFO:chaosface.chatbot.chatbot:Chatbot: Waiting 8 seconds before reconnection attempt
ERROR:chaosface.chatbot.chatbot:Error connecting to Twitch, will attempt again...
ERROR:chaosface.chatbot.chatbot:str, bytes or bytearray expected, not StringProp
INFO:chaosface.chatbot.chatbot:Chatbot: Waiting 8 seconds before reconnection attempt
ERROR:chaosface.chatbot.chatbot:Error connecting to Twitch, will attempt again...
ERROR:chaosface.chatbot.chatbot:str, bytes or bytearray expected, not StringProp
INFO:chaosface.chatbot.chatbot:Chatbot: Waiting 8 seconds before reconnection attempt
ERROR:chaosface.chatbot.chatbot:Error connecting to Twitch, will attempt again...
ERROR:chaosface.chatbot.chatbot:str, bytes or bytearray expected, not StringProp
INFO:chaosface.chatbot.chatbot:Chatbot: Waiting 8 seconds before reconnection attempt
ERROR:chaosface.chatbot.chatbot:Error connecting to Twitch, will attempt again...
ERROR:chaosface.chatbot.chatbot:str, bytes or bytearray expected, not StringProp
INFO:chaosface.chatbot.chatbot:Chatbot: Waiting 8 seconds before reconnection attempt
ERROR:chaosface.chatbot.chatbot:Error connecting to Twitch, will attempt again...
ERROR:chaosface.chatbot.chatbot:str, bytes or bytearray expected, not StringProp
INFO:chaosface.chatbot.chatbot:Chatbot: Waiting 8 seconds before reconnection attempt
ERROR:chaosface.chatbot.chatbot:Error connecting to Twitch, will attempt again...
ERROR:chaosface.chatbot.chatbot:str, bytes or bytearray expected, not StringProp
INFO:chaosface.chatbot.chatbot:Chatbot: Waiting 8 seconds before reconnection attempt
ERROR:chaosface.chatbot.chatbot:Error connecting to Twitch, will attempt again...
ERROR:chaosface.chatbot.chatbot:str, bytes or bytearray expected, not StringProp
INFO:chaosface.chatbot.chatbot:Chatbot: Waiting 8 seconds before reconnection attempt
ERROR:chaosface.chatbot.chatbot:Error connecting to Twitch, will attempt again...
ERROR:chaosface.chatbot.chatbot:str, bytes or bytearray expected, not StringProp
INFO:chaosface.chatbot.chatbot:Chatbot: Waiting 8 seconds before reconnection attempt
ERROR:chaosface.chatbot.chatbot:Error connecting to Twitch, will attempt again...
ERROR:chaosface.chatbot.chatbot:str, bytes or bytearray expected, not StringProp
INFO:chaosface.chatbot.chatbot:Chatbot: Waiting 8 seconds before reconnection attempt
ERROR:chaosface.chatbot.chatbot:Error connecting to Twitch, will attempt again...
ERROR:chaosface.chatbot.chatbot:str, bytes or bytearray expected, not StringProp
INFO:chaosface.chatbot.chatbot:Chatbot: Waiting 8 seconds before reconnection attempt
ERROR:chaosface.chatbot.chatbot:Error connecting to Twitch, will attempt again...
ERROR:chaosface.chatbot.chatbot:str, bytes or bytearray expected, not StringProp
INFO:chaosface.chatbot.chatbot:Chatbot: Waiting 8 seconds before reconnection attempt
ERROR:chaosface.chatbot.chatbot:Error connecting to Twitch, will attempt again...
ERROR:chaosface.chatbot.chatbot:str, bytes or bytearray expected, not StringProp
INFO:chaosface.chatbot.chatbot:Chatbot: Waiting 8 seconds before reconnection attempt
ERROR:chaosface.chatbot.chatbot:Error connecting to Twitch, will attempt again...
ERROR:chaosface.chatbot.chatbot:str, bytes or bytearray expected, not StringProp
INFO:chaosface.chatbot.chatbot:Chatbot: Waiting 8 seconds before reconnection attempt
ERROR:chaosface.chatbot.chatbot:Error connecting to Twitch, will attempt again...
ERROR:chaosface.chatbot.chatbot:str, bytes or bytearray expected, not StringProp
INFO:chaosface.chatbot.chatbot:Chatbot: Waiting 8 seconds before reconnection attempt
ERROR:chaosface.chatbot.chatbot:Error connecting to Twitch, will attempt again...
ERROR:chaosface.chatbot.chatbot:str, bytes or bytearray expected, not StringProp
INFO:chaosface.chatbot.chatbot:Chatbot: Waiting 8 seconds before reconnection attempt
ERROR:chaosface.chatbot.chatbot:Error connecting to Twitch, will attempt again...
ERROR:chaosface.chatbot.chatbot:str, bytes or bytearray expected, not StringProp
INFO:chaosface.chatbot.chatbot:Chatbot: Waiting 8 seconds before reconnection attempt
ERROR:chaosface.chatbot.chatbot:Error connecting to Twitch, will attempt again...
ERROR:chaosface.chatbot.chatbot:str, bytes or bytearray expected, not StringProp
INFO:chaosface.chatbot.chatbot:Chatbot: Waiting 8 seconds before reconnection attempt
INFO:root:Starting chatbot
DEBUG:chaosface.chatbot.chatbot:Setting IRC info
INFO:root:Starting GUI
DEBUG:asyncio:Using proactor: IocpProactor
INFO:chaosface.chatbot.chatbot:Chatbot: Waiting 0 seconds before reconnection attempt
ERROR:chaosface.chatbot.chatbot:Error connecting to Twitch, will attempt again...
ERROR:chaosface.chatbot.chatbot:str, bytes or bytearray expected, not StringProp
INFO:chaosface.chatbot.chatbot:Chatbot: Waiting 1 seconds before reconnection attempt
ERROR:chaosface.chatbot.chatbot:Error connecting to Twitch, will attempt again...
ERROR:chaosface.chatbot.chatbot:str, bytes or bytearray expected, not StringProp
INFO:chaosface.chatbot.chatbot:Chatbot: Waiting 2 seconds before reconnection attempt
ERROR:chaosface.chatbot.chatbot:Error connecting to Twitch, will attempt again...
ERROR:chaosface.chatbot.chatbot:str, bytes or bytearray expected, not StringProp
INFO:chaosface.chatbot.chatbot:Chatbot: Waiting 4 seconds before reconnection attempt
ERROR:tornado.application:Uncaught exception GET /MainInterface/ (127.0.0.1)
HTTPServerRequest(protocol='http', host='localhost', method='GET', uri='/MainInterface/', version='HTTP/1.1', remote_ip='127.0.0.1')
Traceback (most recent call last):
  File "c:\Users\karl\Documents\Twitch\TCC\chaos\chaosface\venv\lib\site-packages\tornado\web.py", line 1704, in _execute
    result = await result
  File "c:\Users\karl\Documents\Twitch\TCC\chaos\chaosface\venv\lib\site-packages\tornado\gen.py", line 216, in wrapper
    result = ctx_run(func, *args, **kwargs)
  File "c:\Users\karl\Documents\Twitch\TCC\chaos\chaosface\venv\lib\site-packages\flexx\app\_tornadoserver.py", line 252, in get
    self._get_app(app_name, path)  # An actual app!
  File "c:\Users\karl\Documents\Twitch\TCC\chaos\chaosface\venv\lib\site-packages\flexx\app\_tornadoserver.py", line 289, in _get_app
    session = manager.create_session(app_name, request=self.request)
  File "c:\Users\karl\Documents\Twitch\TCC\chaos\chaosface\venv\lib\site-packages\flexx\app\_app.py", line 591, in create_session
    app(flx_session=session, flx_is_app=True)
  File "c:\Users\karl\Documents\Twitch\TCC\chaos\chaosface\venv\lib\site-packages\flexx\app\_app.py", line 77, in __call__
    return self.cls(*a, **kw)
  File "c:\Users\karl\Documents\Twitch\TCC\chaos\chaosface\venv\lib\site-packages\flexx\ui\_widget.py", line 1154, in __init__
    super().__init__(*args, **kwargs)
  File "c:\Users\karl\Documents\Twitch\TCC\chaos\chaosface\venv\lib\site-packages\flexx\event\_component.py", line 212, in __init__
    self.init(*init_args)
  File "C:\Users\karl\Documents\Twitch\TCC\chaos\chaosface\chaosface\gui\flexxgui.py", line 126, in init
    self.interface = StreamerInterface(title='Interface')
  File "c:\Users\karl\Documents\Twitch\TCC\chaos\chaosface\venv\lib\site-packages\flexx\ui\_widget.py", line 1154, in __init__
    super().__init__(*args, **kwargs)
  File "c:\Users\karl\Documents\Twitch\TCC\chaos\chaosface\venv\lib\site-packages\flexx\event\_component.py", line 212, in __init__
    self.init(*init_args)
  File "C:\Users\karl\Documents\Twitch\TCC\chaos\chaosface\chaosface\gui\flexxgui.py", line 71, in init
    self.voteTimerView = VoteTimerView(self)
  File "c:\Users\karl\Documents\Twitch\TCC\chaos\chaosface\venv\lib\site-packages\flexx\ui\_widget.py", line 1154, in __init__
    super().__init__(*args, **kwargs)
  File "c:\Users\karl\Documents\Twitch\TCC\chaos\chaosface\venv\lib\site-packages\flexx\event\_component.py", line 212, in __init__
    self.init(*init_args)
TypeError: init() takes 1 positional argument but 2 were given
ERROR:tornado.access:500 GET /MainInterface/ (127.0.0.1) 31.01ms
ERROR:chaosface.chatbot.chatbot:Error connecting to Twitch, will attempt again...
ERROR:chaosface.chatbot.chatbot:str, bytes or bytearray expected, not StringProp
INFO:chaosface.chatbot.chatbot:Chatbot: Waiting 8 seconds before reconnection attempt
ERROR:chaosface.chatbot.chatbot:Error connecting to Twitch, will attempt again...
ERROR:chaosface.chatbot.chatbot:str, bytes or bytearray expected, not StringProp
INFO:chaosface.chatbot.chatbot:Chatbot: Waiting 8 seconds before reconnection attempt
ERROR:chaosface.chatbot.chatbot:Error connecting to Twitch, will attempt again...
ERROR:chaosface.chatbot.chatbot:str, bytes or bytearray expected, not StringProp
INFO:chaosface.chatbot.chatbot:Chatbot: Waiting 8 seconds before reconnection attempt
ERROR:chaosface.chatbot.chatbot:Error connecting to Twitch, will attempt again...
ERROR:chaosface.chatbot.chatbot:str, bytes or bytearray expected, not StringProp
INFO:chaosface.chatbot.chatbot:Chatbot: Waiting 8 seconds before reconnection attempt
ERROR:chaosface.chatbot.chatbot:Error connecting to Twitch, will attempt again...
ERROR:chaosface.chatbot.chatbot:str, bytes or bytearray expected, not StringProp
INFO:chaosface.chatbot.chatbot:Chatbot: Waiting 8 seconds before reconnection attempt
ERROR:chaosface.chatbot.chatbot:Error connecting to Twitch, will attempt again...
ERROR:chaosface.chatbot.chatbot:str, bytes or bytearray expected, not StringProp
INFO:chaosface.chatbot.chatbot:Chatbot: Waiting 8 seconds before reconnection attempt
ERROR:chaosface.chatbot.chatbot:Error connecting to Twitch, will attempt again...
ERROR:chaosface.chatbot.chatbot:str, bytes or bytearray expected, not StringProp
INFO:chaosface.chatbot.chatbot:Chatbot: Waiting 8 seconds before reconnection attempt
ERROR:chaosface.chatbot.chatbot:Error connecting to Twitch, will attempt again...
ERROR:chaosface.chatbot.chatbot:str, bytes or bytearray expected, not StringProp
INFO:chaosface.chatbot.chatbot:Chatbot: Waiting 8 seconds before reconnection attempt
ERROR:chaosface.chatbot.chatbot:Error connecting to Twitch, will attempt again...
ERROR:chaosface.chatbot.chatbot:str, bytes or bytearray expected, not StringProp
INFO:chaosface.chatbot.chatbot:Chatbot: Waiting 8 seconds before reconnection attempt
INFO:root:Starting chatbot
DEBUG:chaosface.chatbot.chatbot:Setting IRC info
INFO:chaosface.chatbot.chatbot:Chatbot: Waiting 0 seconds before reconnection attempt
INFO:root:Starting GUI
ERROR:chaosface.chatbot.chatbot:Error connecting to Twitch, will attempt again...
DEBUG:asyncio:Using proactor: IocpProactor
ERROR:chaosface.chatbot.chatbot:str, bytes or bytearray expected, not StringProp
INFO:chaosface.chatbot.chatbot:Chatbot: Waiting 1 seconds before reconnection attempt
ERROR:chaosface.chatbot.chatbot:Error connecting to Twitch, will attempt again...
ERROR:chaosface.chatbot.chatbot:str, bytes or bytearray expected, not StringProp
INFO:chaosface.chatbot.chatbot:Chatbot: Waiting 2 seconds before reconnection attempt
ERROR:chaosface.chatbot.chatbot:Error connecting to Twitch, will attempt again...
ERROR:chaosface.chatbot.chatbot:str, bytes or bytearray expected, not StringProp
INFO:chaosface.chatbot.chatbot:Chatbot: Waiting 4 seconds before reconnection attempt
ERROR:chaosface.chatbot.chatbot:Error connecting to Twitch, will attempt again...
ERROR:chaosface.chatbot.chatbot:str, bytes or bytearray expected, not StringProp
INFO:chaosface.chatbot.chatbot:Chatbot: Waiting 8 seconds before reconnection attempt
ERROR:tornado.application:Uncaught exception GET /MainInterface/ (127.0.0.1)
HTTPServerRequest(protocol='http', host='localhost', method='GET', uri='/MainInterface/', version='HTTP/1.1', remote_ip='127.0.0.1')
Traceback (most recent call last):
  File "c:\Users\karl\Documents\Twitch\TCC\chaos\chaosface\venv\lib\site-packages\tornado\web.py", line 1704, in _execute
    result = await result
  File "c:\Users\karl\Documents\Twitch\TCC\chaos\chaosface\venv\lib\site-packages\tornado\gen.py", line 216, in wrapper
    result = ctx_run(func, *args, **kwargs)
  File "c:\Users\karl\Documents\Twitch\TCC\chaos\chaosface\venv\lib\site-packages\flexx\app\_tornadoserver.py", line 252, in get
    self._get_app(app_name, path)  # An actual app!
  File "c:\Users\karl\Documents\Twitch\TCC\chaos\chaosface\venv\lib\site-packages\flexx\app\_tornadoserver.py", line 289, in _get_app
    session = manager.create_session(app_name, request=self.request)
  File "c:\Users\karl\Documents\Twitch\TCC\chaos\chaosface\venv\lib\site-packages\flexx\app\_app.py", line 591, in create_session
    app(flx_session=session, flx_is_app=True)
  File "c:\Users\karl\Documents\Twitch\TCC\chaos\chaosface\venv\lib\site-packages\flexx\app\_app.py", line 77, in __call__
    return self.cls(*a, **kw)
  File "c:\Users\karl\Documents\Twitch\TCC\chaos\chaosface\venv\lib\site-packages\flexx\ui\_widget.py", line 1154, in __init__
    super().__init__(*args, **kwargs)
  File "c:\Users\karl\Documents\Twitch\TCC\chaos\chaosface\venv\lib\site-packages\flexx\event\_component.py", line 212, in __init__
    self.init(*init_args)
  File "C:\Users\karl\Documents\Twitch\TCC\chaos\chaosface\chaosface\gui\flexxgui.py", line 126, in init
    self.interface = StreamerInterface(title='Interface')
  File "c:\Users\karl\Documents\Twitch\TCC\chaos\chaosface\venv\lib\site-packages\flexx\ui\_widget.py", line 1154, in __init__
    super().__init__(*args, **kwargs)
  File "c:\Users\karl\Documents\Twitch\TCC\chaos\chaosface\venv\lib\site-packages\flexx\event\_component.py", line 212, in __init__
    self.init(*init_args)
  File "C:\Users\karl\Documents\Twitch\TCC\chaos\chaosface\chaosface\gui\flexxgui.py", line 72, in init
    self.activeModsView = ActiveModsView()
  File "c:\Users\karl\Documents\Twitch\TCC\chaos\chaosface\venv\lib\site-packages\flexx\ui\_widget.py", line 1154, in __init__
    super().__init__(*args, **kwargs)
  File "c:\Users\karl\Documents\Twitch\TCC\chaos\chaosface\venv\lib\site-packages\flexx\event\_component.py", line 212, in __init__
    self.init(*init_args)
  File "C:\Users\karl\Documents\Twitch\TCC\chaos\chaosface\chaosface\gui\ActiveModsView.py", line 41, in init
    self.progress.append(flx.ProgressBar(flex=2, value=relay.modTimes[i], text='', style=styleModProgress))
TypeError: 'ListProp' object is not subscriptable
ERROR:tornado.access:500 GET /MainInterface/ (127.0.0.1) 33.01ms
ERROR:chaosface.chatbot.chatbot:Error connecting to Twitch, will attempt again...
ERROR:chaosface.chatbot.chatbot:str, bytes or bytearray expected, not StringProp
INFO:chaosface.chatbot.chatbot:Chatbot: Waiting 8 seconds before reconnection attempt
ERROR:chaosface.chatbot.chatbot:Error connecting to Twitch, will attempt again...
ERROR:chaosface.chatbot.chatbot:str, bytes or bytearray expected, not StringProp
INFO:chaosface.chatbot.chatbot:Chatbot: Waiting 8 seconds before reconnection attempt
ERROR:chaosface.chatbot.chatbot:Error connecting to Twitch, will attempt again...
ERROR:chaosface.chatbot.chatbot:str, bytes or bytearray expected, not StringProp
INFO:chaosface.chatbot.chatbot:Chatbot: Waiting 8 seconds before reconnection attempt
ERROR:chaosface.chatbot.chatbot:Error connecting to Twitch, will attempt again...
ERROR:chaosface.chatbot.chatbot:str, bytes or bytearray expected, not StringProp
INFO:chaosface.chatbot.chatbot:Chatbot: Waiting 8 seconds before reconnection attempt
ERROR:chaosface.chatbot.chatbot:Error connecting to Twitch, will attempt again...
ERROR:chaosface.chatbot.chatbot:str, bytes or bytearray expected, not StringProp
INFO:chaosface.chatbot.chatbot:Chatbot: Waiting 8 seconds before reconnection attempt
ERROR:chaosface.chatbot.chatbot:Error connecting to Twitch, will attempt again...
ERROR:chaosface.chatbot.chatbot:str, bytes or bytearray expected, not StringProp
INFO:chaosface.chatbot.chatbot:Chatbot: Waiting 8 seconds before reconnection attempt
ERROR:chaosface.chatbot.chatbot:Error connecting to Twitch, will attempt again...
ERROR:chaosface.chatbot.chatbot:str, bytes or bytearray expected, not StringProp
INFO:chaosface.chatbot.chatbot:Chatbot: Waiting 8 seconds before reconnection attempt
ERROR:chaosface.chatbot.chatbot:Error connecting to Twitch, will attempt again...
ERROR:chaosface.chatbot.chatbot:str, bytes or bytearray expected, not StringProp
INFO:chaosface.chatbot.chatbot:Chatbot: Waiting 8 seconds before reconnection attempt
ERROR:chaosface.chatbot.chatbot:Error connecting to Twitch, will attempt again...
ERROR:chaosface.chatbot.chatbot:str, bytes or bytearray expected, not StringProp
INFO:chaosface.chatbot.chatbot:Chatbot: Waiting 8 seconds before reconnection attempt
ERROR:chaosface.chatbot.chatbot:Error connecting to Twitch, will attempt again...
ERROR:chaosface.chatbot.chatbot:str, bytes or bytearray expected, not StringProp
INFO:chaosface.chatbot.chatbot:Chatbot: Waiting 8 seconds before reconnection attempt
ERROR:chaosface.chatbot.chatbot:Error connecting to Twitch, will attempt again...
ERROR:chaosface.chatbot.chatbot:str, bytes or bytearray expected, not StringProp
INFO:chaosface.chatbot.chatbot:Chatbot: Waiting 8 seconds before reconnection attempt
ERROR:chaosface.chatbot.chatbot:Error connecting to Twitch, will attempt again...
ERROR:chaosface.chatbot.chatbot:str, bytes or bytearray expected, not StringProp
INFO:chaosface.chatbot.chatbot:Chatbot: Waiting 8 seconds before reconnection attempt
ERROR:chaosface.chatbot.chatbot:Error connecting to Twitch, will attempt again...
ERROR:chaosface.chatbot.chatbot:str, bytes or bytearray expected, not StringProp
INFO:chaosface.chatbot.chatbot:Chatbot: Waiting 8 seconds before reconnection attempt
ERROR:chaosface.chatbot.chatbot:Error connecting to Twitch, will attempt again...
ERROR:chaosface.chatbot.chatbot:str, bytes or bytearray expected, not StringProp
INFO:chaosface.chatbot.chatbot:Chatbot: Waiting 8 seconds before reconnection attempt
ERROR:chaosface.chatbot.chatbot:Error connecting to Twitch, will attempt again...
ERROR:chaosface.chatbot.chatbot:str, bytes or bytearray expected, not StringProp
INFO:chaosface.chatbot.chatbot:Chatbot: Waiting 8 seconds before reconnection attempt
ERROR:chaosface.chatbot.chatbot:Error connecting to Twitch, will attempt again...
ERROR:chaosface.chatbot.chatbot:str, bytes or bytearray expected, not StringProp
INFO:chaosface.chatbot.chatbot:Chatbot: Waiting 8 seconds before reconnection attempt
ERROR:chaosface.chatbot.chatbot:Error connecting to Twitch, will attempt again...
ERROR:chaosface.chatbot.chatbot:str, bytes or bytearray expected, not StringProp
INFO:chaosface.chatbot.chatbot:Chatbot: Waiting 8 seconds before reconnection attempt
ERROR:chaosface.chatbot.chatbot:Error connecting to Twitch, will attempt again...
ERROR:chaosface.chatbot.chatbot:str, bytes or bytearray expected, not StringProp
INFO:chaosface.chatbot.chatbot:Chatbot: Waiting 8 seconds before reconnection attempt
ERROR:chaosface.chatbot.chatbot:Error connecting to Twitch, will attempt again...
ERROR:chaosface.chatbot.chatbot:str, bytes or bytearray expected, not StringProp
INFO:chaosface.chatbot.chatbot:Chatbot: Waiting 8 seconds before reconnection attempt
ERROR:chaosface.chatbot.chatbot:Error connecting to Twitch, will attempt again...
ERROR:chaosface.chatbot.chatbot:str, bytes or bytearray expected, not StringProp
INFO:chaosface.chatbot.chatbot:Chatbot: Waiting 8 seconds before reconnection attempt
ERROR:chaosface.chatbot.chatbot:Error connecting to Twitch, will attempt again...
ERROR:chaosface.chatbot.chatbot:str, bytes or bytearray expected, not StringProp
INFO:chaosface.chatbot.chatbot:Chatbot: Waiting 8 seconds before reconnection attempt
ERROR:chaosface.chatbot.chatbot:Error connecting to Twitch, will attempt again...
ERROR:chaosface.chatbot.chatbot:str, bytes or bytearray expected, not StringProp
INFO:chaosface.chatbot.chatbot:Chatbot: Waiting 8 seconds before reconnection attempt
ERROR:chaosface.chatbot.chatbot:Error connecting to Twitch, will attempt again...
ERROR:chaosface.chatbot.chatbot:str, bytes or bytearray expected, not StringProp
INFO:chaosface.chatbot.chatbot:Chatbot: Waiting 8 seconds before reconnection attempt
ERROR:chaosface.chatbot.chatbot:Error connecting to Twitch, will attempt again...
ERROR:chaosface.chatbot.chatbot:str, bytes or bytearray expected, not StringProp
INFO:chaosface.chatbot.chatbot:Chatbot: Waiting 8 seconds before reconnection attempt
ERROR:chaosface.chatbot.chatbot:Error connecting to Twitch, will attempt again...
ERROR:chaosface.chatbot.chatbot:str, bytes or bytearray expected, not StringProp
INFO:chaosface.chatbot.chatbot:Chatbot: Waiting 8 seconds before reconnection attempt
ERROR:chaosface.chatbot.chatbot:Error connecting to Twitch, will attempt again...
ERROR:chaosface.chatbot.chatbot:str, bytes or bytearray expected, not StringProp
INFO:chaosface.chatbot.chatbot:Chatbot: Waiting 8 seconds before reconnection attempt
ERROR:chaosface.chatbot.chatbot:Error connecting to Twitch, will attempt again...
ERROR:chaosface.chatbot.chatbot:str, bytes or bytearray expected, not StringProp
INFO:chaosface.chatbot.chatbot:Chatbot: Waiting 8 seconds before reconnection attempt
ERROR:chaosface.chatbot.chatbot:Error connecting to Twitch, will attempt again...
ERROR:chaosface.chatbot.chatbot:str, bytes or bytearray expected, not StringProp
INFO:chaosface.chatbot.chatbot:Chatbot: Waiting 8 seconds before reconnection attempt
ERROR:chaosface.chatbot.chatbot:Error connecting to Twitch, will attempt again...
ERROR:chaosface.chatbot.chatbot:str, bytes or bytearray expected, not StringProp
INFO:chaosface.chatbot.chatbot:Chatbot: Waiting 8 seconds before reconnection attempt
ERROR:chaosface.chatbot.chatbot:Error connecting to Twitch, will attempt again...
ERROR:chaosface.chatbot.chatbot:str, bytes or bytearray expected, not StringProp
INFO:chaosface.chatbot.chatbot:Chatbot: Waiting 8 seconds before reconnection attempt
ERROR:chaosface.chatbot.chatbot:Error connecting to Twitch, will attempt again...
ERROR:chaosface.chatbot.chatbot:str, bytes or bytearray expected, not StringProp
INFO:chaosface.chatbot.chatbot:Chatbot: Waiting 8 seconds before reconnection attempt
ERROR:chaosface.chatbot.chatbot:Error connecting to Twitch, will attempt again...
ERROR:chaosface.chatbot.chatbot:str, bytes or bytearray expected, not StringProp
INFO:chaosface.chatbot.chatbot:Chatbot: Waiting 8 seconds before reconnection attempt
ERROR:chaosface.chatbot.chatbot:Error connecting to Twitch, will attempt again...
ERROR:chaosface.chatbot.chatbot:str, bytes or bytearray expected, not StringProp
INFO:chaosface.chatbot.chatbot:Chatbot: Waiting 8 seconds before reconnection attempt
ERROR:chaosface.chatbot.chatbot:Error connecting to Twitch, will attempt again...
ERROR:chaosface.chatbot.chatbot:str, bytes or bytearray expected, not StringProp
INFO:chaosface.chatbot.chatbot:Chatbot: Waiting 8 seconds before reconnection attempt
ERROR:chaosface.chatbot.chatbot:Error connecting to Twitch, will attempt again...
ERROR:chaosface.chatbot.chatbot:str, bytes or bytearray expected, not StringProp
INFO:chaosface.chatbot.chatbot:Chatbot: Waiting 8 seconds before reconnection attempt
ERROR:chaosface.chatbot.chatbot:Error connecting to Twitch, will attempt again...
ERROR:chaosface.chatbot.chatbot:str, bytes or bytearray expected, not StringProp
INFO:chaosface.chatbot.chatbot:Chatbot: Waiting 8 seconds before reconnection attempt
ERROR:chaosface.chatbot.chatbot:Error connecting to Twitch, will attempt again...
ERROR:chaosface.chatbot.chatbot:str, bytes or bytearray expected, not StringProp
INFO:chaosface.chatbot.chatbot:Chatbot: Waiting 8 seconds before reconnection attempt
ERROR:chaosface.chatbot.chatbot:Error connecting to Twitch, will attempt again...
ERROR:chaosface.chatbot.chatbot:str, bytes or bytearray expected, not StringProp
INFO:chaosface.chatbot.chatbot:Chatbot: Waiting 8 seconds before reconnection attempt
ERROR:chaosface.chatbot.chatbot:Error connecting to Twitch, will attempt again...
ERROR:chaosface.chatbot.chatbot:str, bytes or bytearray expected, not StringProp
INFO:chaosface.chatbot.chatbot:Chatbot: Waiting 8 seconds before reconnection attempt
ERROR:chaosface.chatbot.chatbot:Error connecting to Twitch, will attempt again...
ERROR:chaosface.chatbot.chatbot:str, bytes or bytearray expected, not StringProp
INFO:chaosface.chatbot.chatbot:Chatbot: Waiting 8 seconds before reconnection attempt
ERROR:chaosface.chatbot.chatbot:Error connecting to Twitch, will attempt again...
ERROR:chaosface.chatbot.chatbot:str, bytes or bytearray expected, not StringProp
INFO:chaosface.chatbot.chatbot:Chatbot: Waiting 8 seconds before reconnection attempt
ERROR:chaosface.chatbot.chatbot:Error connecting to Twitch, will attempt again...
ERROR:chaosface.chatbot.chatbot:str, bytes or bytearray expected, not StringProp
INFO:chaosface.chatbot.chatbot:Chatbot: Waiting 8 seconds before reconnection attempt
ERROR:chaosface.chatbot.chatbot:Error connecting to Twitch, will attempt again...
ERROR:chaosface.chatbot.chatbot:str, bytes or bytearray expected, not StringProp
INFO:chaosface.chatbot.chatbot:Chatbot: Waiting 8 seconds before reconnection attempt
ERROR:chaosface.chatbot.chatbot:Error connecting to Twitch, will attempt again...
ERROR:chaosface.chatbot.chatbot:str, bytes or bytearray expected, not StringProp
INFO:chaosface.chatbot.chatbot:Chatbot: Waiting 8 seconds before reconnection attempt
ERROR:chaosface.chatbot.chatbot:Error connecting to Twitch, will attempt again...
ERROR:chaosface.chatbot.chatbot:str, bytes or bytearray expected, not StringProp
INFO:chaosface.chatbot.chatbot:Chatbot: Waiting 8 seconds before reconnection attempt
ERROR:chaosface.chatbot.chatbot:Error connecting to Twitch, will attempt again...
ERROR:chaosface.chatbot.chatbot:str, bytes or bytearray expected, not StringProp
INFO:chaosface.chatbot.chatbot:Chatbot: Waiting 8 seconds before reconnection attempt
ERROR:chaosface.chatbot.chatbot:Error connecting to Twitch, will attempt again...
ERROR:chaosface.chatbot.chatbot:str, bytes or bytearray expected, not StringProp
INFO:chaosface.chatbot.chatbot:Chatbot: Waiting 8 seconds before reconnection attempt
ERROR:chaosface.chatbot.chatbot:Error connecting to Twitch, will attempt again...
ERROR:chaosface.chatbot.chatbot:str, bytes or bytearray expected, not StringProp
INFO:chaosface.chatbot.chatbot:Chatbot: Waiting 8 seconds before reconnection attempt
ERROR:chaosface.chatbot.chatbot:Error connecting to Twitch, will attempt again...
ERROR:chaosface.chatbot.chatbot:str, bytes or bytearray expected, not StringProp
INFO:chaosface.chatbot.chatbot:Chatbot: Waiting 8 seconds before reconnection attempt
ERROR:chaosface.chatbot.chatbot:Error connecting to Twitch, will attempt again...
ERROR:chaosface.chatbot.chatbot:str, bytes or bytearray expected, not StringProp
INFO:chaosface.chatbot.chatbot:Chatbot: Waiting 8 seconds before reconnection attempt
ERROR:chaosface.chatbot.chatbot:Error connecting to Twitch, will attempt again...
ERROR:chaosface.chatbot.chatbot:str, bytes or bytearray expected, not StringProp
INFO:chaosface.chatbot.chatbot:Chatbot: Waiting 8 seconds before reconnection attempt
ERROR:chaosface.chatbot.chatbot:Error connecting to Twitch, will attempt again...
ERROR:chaosface.chatbot.chatbot:str, bytes or bytearray expected, not StringProp
INFO:chaosface.chatbot.chatbot:Chatbot: Waiting 8 seconds before reconnection attempt
ERROR:chaosface.chatbot.chatbot:Error connecting to Twitch, will attempt again...
ERROR:chaosface.chatbot.chatbot:str, bytes or bytearray expected, not StringProp
INFO:chaosface.chatbot.chatbot:Chatbot: Waiting 8 seconds before reconnection attempt
ERROR:chaosface.chatbot.chatbot:Error connecting to Twitch, will attempt again...
ERROR:chaosface.chatbot.chatbot:str, bytes or bytearray expected, not StringProp
INFO:chaosface.chatbot.chatbot:Chatbot: Waiting 8 seconds before reconnection attempt
ERROR:chaosface.chatbot.chatbot:Error connecting to Twitch, will attempt again...
ERROR:chaosface.chatbot.chatbot:str, bytes or bytearray expected, not StringProp
INFO:chaosface.chatbot.chatbot:Chatbot: Waiting 8 seconds before reconnection attempt
ERROR:chaosface.chatbot.chatbot:Error connecting to Twitch, will attempt again...
ERROR:chaosface.chatbot.chatbot:str, bytes or bytearray expected, not StringProp
INFO:chaosface.chatbot.chatbot:Chatbot: Waiting 8 seconds before reconnection attempt
ERROR:chaosface.chatbot.chatbot:Error connecting to Twitch, will attempt again...
ERROR:chaosface.chatbot.chatbot:str, bytes or bytearray expected, not StringProp
INFO:chaosface.chatbot.chatbot:Chatbot: Waiting 8 seconds before reconnection attempt
ERROR:chaosface.chatbot.chatbot:Error connecting to Twitch, will attempt again...
ERROR:chaosface.chatbot.chatbot:str, bytes or bytearray expected, not StringProp
INFO:chaosface.chatbot.chatbot:Chatbot: Waiting 8 seconds before reconnection attempt
ERROR:chaosface.chatbot.chatbot:Error connecting to Twitch, will attempt again...
ERROR:chaosface.chatbot.chatbot:str, bytes or bytearray expected, not StringProp
INFO:chaosface.chatbot.chatbot:Chatbot: Waiting 8 seconds before reconnection attempt
ERROR:chaosface.chatbot.chatbot:Error connecting to Twitch, will attempt again...
ERROR:chaosface.chatbot.chatbot:str, bytes or bytearray expected, not StringProp
INFO:chaosface.chatbot.chatbot:Chatbot: Waiting 8 seconds before reconnection attempt
ERROR:chaosface.chatbot.chatbot:Error connecting to Twitch, will attempt again...
ERROR:chaosface.chatbot.chatbot:str, bytes or bytearray expected, not StringProp
INFO:chaosface.chatbot.chatbot:Chatbot: Waiting 8 seconds before reconnection attempt
ERROR:chaosface.chatbot.chatbot:Error connecting to Twitch, will attempt again...
ERROR:chaosface.chatbot.chatbot:str, bytes or bytearray expected, not StringProp
INFO:chaosface.chatbot.chatbot:Chatbot: Waiting 8 seconds before reconnection attempt
ERROR:chaosface.chatbot.chatbot:Error connecting to Twitch, will attempt again...
ERROR:chaosface.chatbot.chatbot:str, bytes or bytearray expected, not StringProp
INFO:chaosface.chatbot.chatbot:Chatbot: Waiting 8 seconds before reconnection attempt
ERROR:chaosface.chatbot.chatbot:Error connecting to Twitch, will attempt again...
ERROR:chaosface.chatbot.chatbot:str, bytes or bytearray expected, not StringProp
INFO:chaosface.chatbot.chatbot:Chatbot: Waiting 8 seconds before reconnection attempt
ERROR:chaosface.chatbot.chatbot:Error connecting to Twitch, will attempt again...
ERROR:chaosface.chatbot.chatbot:str, bytes or bytearray expected, not StringProp
INFO:chaosface.chatbot.chatbot:Chatbot: Waiting 8 seconds before reconnection attempt
ERROR:chaosface.chatbot.chatbot:Error connecting to Twitch, will attempt again...
ERROR:chaosface.chatbot.chatbot:str, bytes or bytearray expected, not StringProp
INFO:chaosface.chatbot.chatbot:Chatbot: Waiting 8 seconds before reconnection attempt
ERROR:chaosface.chatbot.chatbot:Error connecting to Twitch, will attempt again...
ERROR:chaosface.chatbot.chatbot:str, bytes or bytearray expected, not StringProp
INFO:chaosface.chatbot.chatbot:Chatbot: Waiting 8 seconds before reconnection attempt
ERROR:chaosface.chatbot.chatbot:Error connecting to Twitch, will attempt again...
ERROR:chaosface.chatbot.chatbot:str, bytes or bytearray expected, not StringProp
INFO:chaosface.chatbot.chatbot:Chatbot: Waiting 8 seconds before reconnection attempt
ERROR:chaosface.chatbot.chatbot:Error connecting to Twitch, will attempt again...
ERROR:chaosface.chatbot.chatbot:str, bytes or bytearray expected, not StringProp
INFO:chaosface.chatbot.chatbot:Chatbot: Waiting 8 seconds before reconnection attempt
ERROR:chaosface.chatbot.chatbot:Error connecting to Twitch, will attempt again...
ERROR:chaosface.chatbot.chatbot:str, bytes or bytearray expected, not StringProp
INFO:chaosface.chatbot.chatbot:Chatbot: Waiting 8 seconds before reconnection attempt
ERROR:chaosface.chatbot.chatbot:Error connecting to Twitch, will attempt again...
ERROR:chaosface.chatbot.chatbot:str, bytes or bytearray expected, not StringProp
INFO:chaosface.chatbot.chatbot:Chatbot: Waiting 8 seconds before reconnection attempt
ERROR:chaosface.chatbot.chatbot:Error connecting to Twitch, will attempt again...
ERROR:chaosface.chatbot.chatbot:str, bytes or bytearray expected, not StringProp
INFO:chaosface.chatbot.chatbot:Chatbot: Waiting 8 seconds before reconnection attempt
ERROR:chaosface.chatbot.chatbot:Error connecting to Twitch, will attempt again...
ERROR:chaosface.chatbot.chatbot:str, bytes or bytearray expected, not StringProp
INFO:chaosface.chatbot.chatbot:Chatbot: Waiting 8 seconds before reconnection attempt
ERROR:chaosface.chatbot.chatbot:Error connecting to Twitch, will attempt again...
ERROR:chaosface.chatbot.chatbot:str, bytes or bytearray expected, not StringProp
INFO:chaosface.chatbot.chatbot:Chatbot: Waiting 8 seconds before reconnection attempt
ERROR:chaosface.chatbot.chatbot:Error connecting to Twitch, will attempt again...
ERROR:chaosface.chatbot.chatbot:str, bytes or bytearray expected, not StringProp
INFO:chaosface.chatbot.chatbot:Chatbot: Waiting 8 seconds before reconnection attempt
ERROR:chaosface.chatbot.chatbot:Error connecting to Twitch, will attempt again...
ERROR:chaosface.chatbot.chatbot:str, bytes or bytearray expected, not StringProp
INFO:chaosface.chatbot.chatbot:Chatbot: Waiting 8 seconds before reconnection attempt
ERROR:chaosface.chatbot.chatbot:Error connecting to Twitch, will attempt again...
ERROR:chaosface.chatbot.chatbot:str, bytes or bytearray expected, not StringProp
INFO:chaosface.chatbot.chatbot:Chatbot: Waiting 8 seconds before reconnection attempt
ERROR:chaosface.chatbot.chatbot:Error connecting to Twitch, will attempt again...
ERROR:chaosface.chatbot.chatbot:str, bytes or bytearray expected, not StringProp
INFO:chaosface.chatbot.chatbot:Chatbot: Waiting 8 seconds before reconnection attempt
ERROR:chaosface.chatbot.chatbot:Error connecting to Twitch, will attempt again...
ERROR:chaosface.chatbot.chatbot:str, bytes or bytearray expected, not StringProp
INFO:chaosface.chatbot.chatbot:Chatbot: Waiting 8 seconds before reconnection attempt
ERROR:chaosface.chatbot.chatbot:Error connecting to Twitch, will attempt again...
ERROR:chaosface.chatbot.chatbot:str, bytes or bytearray expected, not StringProp
INFO:chaosface.chatbot.chatbot:Chatbot: Waiting 8 seconds before reconnection attempt
ERROR:chaosface.chatbot.chatbot:Error connecting to Twitch, will attempt again...
ERROR:chaosface.chatbot.chatbot:str, bytes or bytearray expected, not StringProp
INFO:chaosface.chatbot.chatbot:Chatbot: Waiting 8 seconds before reconnection attempt
ERROR:chaosface.chatbot.chatbot:Error connecting to Twitch, will attempt again...
ERROR:chaosface.chatbot.chatbot:str, bytes or bytearray expected, not StringProp
INFO:chaosface.chatbot.chatbot:Chatbot: Waiting 8 seconds before reconnection attempt
ERROR:chaosface.chatbot.chatbot:Error connecting to Twitch, will attempt again...
ERROR:chaosface.chatbot.chatbot:str, bytes or bytearray expected, not StringProp
INFO:chaosface.chatbot.chatbot:Chatbot: Waiting 8 seconds before reconnection attempt
ERROR:chaosface.chatbot.chatbot:Error connecting to Twitch, will attempt again...
ERROR:chaosface.chatbot.chatbot:str, bytes or bytearray expected, not StringProp
INFO:chaosface.chatbot.chatbot:Chatbot: Waiting 8 seconds before reconnection attempt
ERROR:chaosface.chatbot.chatbot:Error connecting to Twitch, will attempt again...
ERROR:chaosface.chatbot.chatbot:str, bytes or bytearray expected, not StringProp
INFO:chaosface.chatbot.chatbot:Chatbot: Waiting 8 seconds before reconnection attempt
ERROR:chaosface.chatbot.chatbot:Error connecting to Twitch, will attempt again...
ERROR:chaosface.chatbot.chatbot:str, bytes or bytearray expected, not StringProp
INFO:chaosface.chatbot.chatbot:Chatbot: Waiting 8 seconds before reconnection attempt
ERROR:chaosface.chatbot.chatbot:Error connecting to Twitch, will attempt again...
ERROR:chaosface.chatbot.chatbot:str, bytes or bytearray expected, not StringProp
INFO:chaosface.chatbot.chatbot:Chatbot: Waiting 8 seconds before reconnection attempt
ERROR:chaosface.chatbot.chatbot:Error connecting to Twitch, will attempt again...
ERROR:chaosface.chatbot.chatbot:str, bytes or bytearray expected, not StringProp
INFO:chaosface.chatbot.chatbot:Chatbot: Waiting 8 seconds before reconnection attempt
ERROR:chaosface.chatbot.chatbot:Error connecting to Twitch, will attempt again...
ERROR:chaosface.chatbot.chatbot:str, bytes or bytearray expected, not StringProp
INFO:chaosface.chatbot.chatbot:Chatbot: Waiting 8 seconds before reconnection attempt
ERROR:chaosface.chatbot.chatbot:Error connecting to Twitch, will attempt again...
ERROR:chaosface.chatbot.chatbot:str, bytes or bytearray expected, not StringProp
INFO:chaosface.chatbot.chatbot:Chatbot: Waiting 8 seconds before reconnection attempt
ERROR:chaosface.chatbot.chatbot:Error connecting to Twitch, will attempt again...
ERROR:chaosface.chatbot.chatbot:str, bytes or bytearray expected, not StringProp
INFO:chaosface.chatbot.chatbot:Chatbot: Waiting 8 seconds before reconnection attempt
ERROR:chaosface.chatbot.chatbot:Error connecting to Twitch, will attempt again...
ERROR:chaosface.chatbot.chatbot:str, bytes or bytearray expected, not StringProp
INFO:chaosface.chatbot.chatbot:Chatbot: Waiting 8 seconds before reconnection attempt
ERROR:chaosface.chatbot.chatbot:Error connecting to Twitch, will attempt again...
ERROR:chaosface.chatbot.chatbot:str, bytes or bytearray expected, not StringProp
INFO:chaosface.chatbot.chatbot:Chatbot: Waiting 8 seconds before reconnection attempt
ERROR:chaosface.chatbot.chatbot:Error connecting to Twitch, will attempt again...
ERROR:chaosface.chatbot.chatbot:str, bytes or bytearray expected, not StringProp
INFO:chaosface.chatbot.chatbot:Chatbot: Waiting 8 seconds before reconnection attempt
ERROR:chaosface.chatbot.chatbot:Error connecting to Twitch, will attempt again...
ERROR:chaosface.chatbot.chatbot:str, bytes or bytearray expected, not StringProp
INFO:chaosface.chatbot.chatbot:Chatbot: Waiting 8 seconds before reconnection attempt
ERROR:chaosface.chatbot.chatbot:Error connecting to Twitch, will attempt again...
ERROR:chaosface.chatbot.chatbot:str, bytes or bytearray expected, not StringProp
INFO:chaosface.chatbot.chatbot:Chatbot: Waiting 8 seconds before reconnection attempt
ERROR:chaosface.chatbot.chatbot:Error connecting to Twitch, will attempt again...
ERROR:chaosface.chatbot.chatbot:str, bytes or bytearray expected, not StringProp
INFO:chaosface.chatbot.chatbot:Chatbot: Waiting 8 seconds before reconnection attempt
ERROR:chaosface.chatbot.chatbot:Error connecting to Twitch, will attempt again...
ERROR:chaosface.chatbot.chatbot:str, bytes or bytearray expected, not StringProp
INFO:chaosface.chatbot.chatbot:Chatbot: Waiting 8 seconds before reconnection attempt
ERROR:chaosface.chatbot.chatbot:Error connecting to Twitch, will attempt again...
ERROR:chaosface.chatbot.chatbot:str, bytes or bytearray expected, not StringProp
INFO:chaosface.chatbot.chatbot:Chatbot: Waiting 8 seconds before reconnection attempt
ERROR:chaosface.chatbot.chatbot:Error connecting to Twitch, will attempt again...
ERROR:chaosface.chatbot.chatbot:str, bytes or bytearray expected, not StringProp
INFO:chaosface.chatbot.chatbot:Chatbot: Waiting 8 seconds before reconnection attempt
ERROR:chaosface.chatbot.chatbot:Error connecting to Twitch, will attempt again...
ERROR:chaosface.chatbot.chatbot:str, bytes or bytearray expected, not StringProp
INFO:chaosface.chatbot.chatbot:Chatbot: Waiting 8 seconds before reconnection attempt
ERROR:chaosface.chatbot.chatbot:Error connecting to Twitch, will attempt again...
ERROR:chaosface.chatbot.chatbot:str, bytes or bytearray expected, not StringProp
INFO:chaosface.chatbot.chatbot:Chatbot: Waiting 8 seconds before reconnection attempt
ERROR:chaosface.chatbot.chatbot:Error connecting to Twitch, will attempt again...
ERROR:chaosface.chatbot.chatbot:str, bytes or bytearray expected, not StringProp
INFO:chaosface.chatbot.chatbot:Chatbot: Waiting 8 seconds before reconnection attempt
ERROR:chaosface.chatbot.chatbot:Error connecting to Twitch, will attempt again...
ERROR:chaosface.chatbot.chatbot:str, bytes or bytearray expected, not StringProp
INFO:chaosface.chatbot.chatbot:Chatbot: Waiting 8 seconds before reconnection attempt
ERROR:chaosface.chatbot.chatbot:Error connecting to Twitch, will attempt again...
ERROR:chaosface.chatbot.chatbot:str, bytes or bytearray expected, not StringProp
INFO:chaosface.chatbot.chatbot:Chatbot: Waiting 8 seconds before reconnection attempt
ERROR:chaosface.chatbot.chatbot:Error connecting to Twitch, will attempt again...
ERROR:chaosface.chatbot.chatbot:str, bytes or bytearray expected, not StringProp
INFO:chaosface.chatbot.chatbot:Chatbot: Waiting 8 seconds before reconnection attempt
ERROR:chaosface.chatbot.chatbot:Error connecting to Twitch, will attempt again...
ERROR:chaosface.chatbot.chatbot:str, bytes or bytearray expected, not StringProp
INFO:chaosface.chatbot.chatbot:Chatbot: Waiting 8 seconds before reconnection attempt
ERROR:chaosface.chatbot.chatbot:Error connecting to Twitch, will attempt again...
ERROR:chaosface.chatbot.chatbot:str, bytes or bytearray expected, not StringProp
INFO:chaosface.chatbot.chatbot:Chatbot: Waiting 8 seconds before reconnection attempt
ERROR:chaosface.chatbot.chatbot:Error connecting to Twitch, will attempt again...
ERROR:chaosface.chatbot.chatbot:str, bytes or bytearray expected, not StringProp
INFO:chaosface.chatbot.chatbot:Chatbot: Waiting 8 seconds before reconnection attempt
ERROR:chaosface.chatbot.chatbot:Error connecting to Twitch, will attempt again...
ERROR:chaosface.chatbot.chatbot:str, bytes or bytearray expected, not StringProp
INFO:chaosface.chatbot.chatbot:Chatbot: Waiting 8 seconds before reconnection attempt
ERROR:chaosface.chatbot.chatbot:Error connecting to Twitch, will attempt again...
ERROR:chaosface.chatbot.chatbot:str, bytes or bytearray expected, not StringProp
INFO:chaosface.chatbot.chatbot:Chatbot: Waiting 8 seconds before reconnection attempt
ERROR:chaosface.chatbot.chatbot:Error connecting to Twitch, will attempt again...
ERROR:chaosface.chatbot.chatbot:str, bytes or bytearray expected, not StringProp
INFO:chaosface.chatbot.chatbot:Chatbot: Waiting 8 seconds before reconnection attempt
ERROR:chaosface.chatbot.chatbot:Error connecting to Twitch, will attempt again...
ERROR:chaosface.chatbot.chatbot:str, bytes or bytearray expected, not StringProp
INFO:chaosface.chatbot.chatbot:Chatbot: Waiting 8 seconds before reconnection attempt
ERROR:chaosface.chatbot.chatbot:Error connecting to Twitch, will attempt again...
ERROR:chaosface.chatbot.chatbot:str, bytes or bytearray expected, not StringProp
INFO:chaosface.chatbot.chatbot:Chatbot: Waiting 8 seconds before reconnection attempt
ERROR:chaosface.chatbot.chatbot:Error connecting to Twitch, will attempt again...
ERROR:chaosface.chatbot.chatbot:str, bytes or bytearray expected, not StringProp
INFO:chaosface.chatbot.chatbot:Chatbot: Waiting 8 seconds before reconnection attempt
ERROR:chaosface.chatbot.chatbot:Error connecting to Twitch, will attempt again...
ERROR:chaosface.chatbot.chatbot:str, bytes or bytearray expected, not StringProp
INFO:chaosface.chatbot.chatbot:Chatbot: Waiting 8 seconds before reconnection attempt
ERROR:chaosface.chatbot.chatbot:Error connecting to Twitch, will attempt again...
ERROR:chaosface.chatbot.chatbot:str, bytes or bytearray expected, not StringProp
INFO:chaosface.chatbot.chatbot:Chatbot: Waiting 8 seconds before reconnection attempt
ERROR:chaosface.chatbot.chatbot:Error connecting to Twitch, will attempt again...
ERROR:chaosface.chatbot.chatbot:str, bytes or bytearray expected, not StringProp
INFO:chaosface.chatbot.chatbot:Chatbot: Waiting 8 seconds before reconnection attempt
ERROR:chaosface.chatbot.chatbot:Error connecting to Twitch, will attempt again...
ERROR:chaosface.chatbot.chatbot:str, bytes or bytearray expected, not StringProp
INFO:chaosface.chatbot.chatbot:Chatbot: Waiting 8 seconds before reconnection attempt
ERROR:chaosface.chatbot.chatbot:Error connecting to Twitch, will attempt again...
ERROR:chaosface.chatbot.chatbot:str, bytes or bytearray expected, not StringProp
INFO:chaosface.chatbot.chatbot:Chatbot: Waiting 8 seconds before reconnection attempt
ERROR:chaosface.chatbot.chatbot:Error connecting to Twitch, will attempt again...
ERROR:chaosface.chatbot.chatbot:str, bytes or bytearray expected, not StringProp
INFO:chaosface.chatbot.chatbot:Chatbot: Waiting 8 seconds before reconnection attempt
ERROR:chaosface.chatbot.chatbot:Error connecting to Twitch, will attempt again...
ERROR:chaosface.chatbot.chatbot:str, bytes or bytearray expected, not StringProp
INFO:chaosface.chatbot.chatbot:Chatbot: Waiting 8 seconds before reconnection attempt
ERROR:chaosface.chatbot.chatbot:Error connecting to Twitch, will attempt again...
ERROR:chaosface.chatbot.chatbot:str, bytes or bytearray expected, not StringProp
INFO:chaosface.chatbot.chatbot:Chatbot: Waiting 8 seconds before reconnection attempt
ERROR:chaosface.chatbot.chatbot:Error connecting to Twitch, will attempt again...
ERROR:chaosface.chatbot.chatbot:str, bytes or bytearray expected, not StringProp
INFO:chaosface.chatbot.chatbot:Chatbot: Waiting 8 seconds before reconnection attempt
ERROR:chaosface.chatbot.chatbot:Error connecting to Twitch, will attempt again...
ERROR:chaosface.chatbot.chatbot:str, bytes or bytearray expected, not StringProp
INFO:chaosface.chatbot.chatbot:Chatbot: Waiting 8 seconds before reconnection attempt
ERROR:chaosface.chatbot.chatbot:Error connecting to Twitch, will attempt again...
ERROR:chaosface.chatbot.chatbot:str, bytes or bytearray expected, not StringProp
INFO:chaosface.chatbot.chatbot:Chatbot: Waiting 8 seconds before reconnection attempt
ERROR:chaosface.chatbot.chatbot:Error connecting to Twitch, will attempt again...
ERROR:chaosface.chatbot.chatbot:str, bytes or bytearray expected, not StringProp
INFO:chaosface.chatbot.chatbot:Chatbot: Waiting 8 seconds before reconnection attempt
ERROR:chaosface.chatbot.chatbot:Error connecting to Twitch, will attempt again...
ERROR:chaosface.chatbot.chatbot:str, bytes or bytearray expected, not StringProp
INFO:chaosface.chatbot.chatbot:Chatbot: Waiting 8 seconds before reconnection attempt
ERROR:chaosface.chatbot.chatbot:Error connecting to Twitch, will attempt again...
ERROR:chaosface.chatbot.chatbot:str, bytes or bytearray expected, not StringProp
INFO:chaosface.chatbot.chatbot:Chatbot: Waiting 8 seconds before reconnection attempt
ERROR:chaosface.chatbot.chatbot:Error connecting to Twitch, will attempt again...
ERROR:chaosface.chatbot.chatbot:str, bytes or bytearray expected, not StringProp
INFO:chaosface.chatbot.chatbot:Chatbot: Waiting 8 seconds before reconnection attempt
ERROR:chaosface.chatbot.chatbot:Error connecting to Twitch, will attempt again...
ERROR:chaosface.chatbot.chatbot:str, bytes or bytearray expected, not StringProp
INFO:chaosface.chatbot.chatbot:Chatbot: Waiting 8 seconds before reconnection attempt
ERROR:chaosface.chatbot.chatbot:Error connecting to Twitch, will attempt again...
ERROR:chaosface.chatbot.chatbot:str, bytes or bytearray expected, not StringProp
INFO:chaosface.chatbot.chatbot:Chatbot: Waiting 8 seconds before reconnection attempt
ERROR:chaosface.chatbot.chatbot:Error connecting to Twitch, will attempt again...
ERROR:chaosface.chatbot.chatbot:str, bytes or bytearray expected, not StringProp
INFO:chaosface.chatbot.chatbot:Chatbot: Waiting 8 seconds before reconnection attempt
ERROR:chaosface.chatbot.chatbot:Error connecting to Twitch, will attempt again...
ERROR:chaosface.chatbot.chatbot:str, bytes or bytearray expected, not StringProp
INFO:chaosface.chatbot.chatbot:Chatbot: Waiting 8 seconds before reconnection attempt
ERROR:chaosface.chatbot.chatbot:Error connecting to Twitch, will attempt again...
ERROR:chaosface.chatbot.chatbot:str, bytes or bytearray expected, not StringProp
INFO:chaosface.chatbot.chatbot:Chatbot: Waiting 8 seconds before reconnection attempt
ERROR:chaosface.chatbot.chatbot:Error connecting to Twitch, will attempt again...
ERROR:chaosface.chatbot.chatbot:str, bytes or bytearray expected, not StringProp
INFO:chaosface.chatbot.chatbot:Chatbot: Waiting 8 seconds before reconnection attempt
ERROR:chaosface.chatbot.chatbot:Error connecting to Twitch, will attempt again...
ERROR:chaosface.chatbot.chatbot:str, bytes or bytearray expected, not StringProp
INFO:chaosface.chatbot.chatbot:Chatbot: Waiting 8 seconds before reconnection attempt
ERROR:chaosface.chatbot.chatbot:Error connecting to Twitch, will attempt again...
ERROR:chaosface.chatbot.chatbot:str, bytes or bytearray expected, not StringProp
INFO:chaosface.chatbot.chatbot:Chatbot: Waiting 8 seconds before reconnection attempt
ERROR:chaosface.chatbot.chatbot:Error connecting to Twitch, will attempt again...
ERROR:chaosface.chatbot.chatbot:str, bytes or bytearray expected, not StringProp
INFO:chaosface.chatbot.chatbot:Chatbot: Waiting 8 seconds before reconnection attempt
ERROR:chaosface.chatbot.chatbot:Error connecting to Twitch, will attempt again...
ERROR:chaosface.chatbot.chatbot:str, bytes or bytearray expected, not StringProp
INFO:chaosface.chatbot.chatbot:Chatbot: Waiting 8 seconds before reconnection attempt
ERROR:chaosface.chatbot.chatbot:Error connecting to Twitch, will attempt again...
ERROR:chaosface.chatbot.chatbot:str, bytes or bytearray expected, not StringProp
INFO:chaosface.chatbot.chatbot:Chatbot: Waiting 8 seconds before reconnection attempt
ERROR:chaosface.chatbot.chatbot:Error connecting to Twitch, will attempt again...
ERROR:chaosface.chatbot.chatbot:str, bytes or bytearray expected, not StringProp
INFO:chaosface.chatbot.chatbot:Chatbot: Waiting 8 seconds before reconnection attempt
ERROR:chaosface.chatbot.chatbot:Error connecting to Twitch, will attempt again...
ERROR:chaosface.chatbot.chatbot:str, bytes or bytearray expected, not StringProp
INFO:chaosface.chatbot.chatbot:Chatbot: Waiting 8 seconds before reconnection attempt
ERROR:chaosface.chatbot.chatbot:Error connecting to Twitch, will attempt again...
ERROR:chaosface.chatbot.chatbot:str, bytes or bytearray expected, not StringProp
INFO:chaosface.chatbot.chatbot:Chatbot: Waiting 8 seconds before reconnection attempt
ERROR:chaosface.chatbot.chatbot:Error connecting to Twitch, will attempt again...
ERROR:chaosface.chatbot.chatbot:str, bytes or bytearray expected, not StringProp
INFO:chaosface.chatbot.chatbot:Chatbot: Waiting 8 seconds before reconnection attempt
ERROR:chaosface.chatbot.chatbot:Error connecting to Twitch, will attempt again...
ERROR:chaosface.chatbot.chatbot:str, bytes or bytearray expected, not StringProp
INFO:chaosface.chatbot.chatbot:Chatbot: Waiting 8 seconds before reconnection attempt
ERROR:chaosface.chatbot.chatbot:Error connecting to Twitch, will attempt again...
ERROR:chaosface.chatbot.chatbot:str, bytes or bytearray expected, not StringProp
INFO:chaosface.chatbot.chatbot:Chatbot: Waiting 8 seconds before reconnection attempt
ERROR:chaosface.chatbot.chatbot:Error connecting to Twitch, will attempt again...
ERROR:chaosface.chatbot.chatbot:str, bytes or bytearray expected, not StringProp
INFO:chaosface.chatbot.chatbot:Chatbot: Waiting 8 seconds before reconnection attempt
ERROR:chaosface.chatbot.chatbot:Error connecting to Twitch, will attempt again...
ERROR:chaosface.chatbot.chatbot:str, bytes or bytearray expected, not StringProp
INFO:chaosface.chatbot.chatbot:Chatbot: Waiting 8 seconds before reconnection attempt
ERROR:chaosface.chatbot.chatbot:Error connecting to Twitch, will attempt again...
ERROR:chaosface.chatbot.chatbot:str, bytes or bytearray expected, not StringProp
INFO:chaosface.chatbot.chatbot:Chatbot: Waiting 8 seconds before reconnection attempt
ERROR:chaosface.chatbot.chatbot:Error connecting to Twitch, will attempt again...
ERROR:chaosface.chatbot.chatbot:str, bytes or bytearray expected, not StringProp
INFO:chaosface.chatbot.chatbot:Chatbot: Waiting 8 seconds before reconnection attempt
ERROR:chaosface.chatbot.chatbot:Error connecting to Twitch, will attempt again...
ERROR:chaosface.chatbot.chatbot:str, bytes or bytearray expected, not StringProp
INFO:chaosface.chatbot.chatbot:Chatbot: Waiting 8 seconds before reconnection attempt
ERROR:chaosface.chatbot.chatbot:Error connecting to Twitch, will attempt again...
ERROR:chaosface.chatbot.chatbot:str, bytes or bytearray expected, not StringProp
INFO:chaosface.chatbot.chatbot:Chatbot: Waiting 8 seconds before reconnection attempt
ERROR:chaosface.chatbot.chatbot:Error connecting to Twitch, will attempt again...
ERROR:chaosface.chatbot.chatbot:str, bytes or bytearray expected, not StringProp
INFO:chaosface.chatbot.chatbot:Chatbot: Waiting 8 seconds before reconnection attempt
ERROR:chaosface.chatbot.chatbot:Error connecting to Twitch, will attempt again...
ERROR:chaosface.chatbot.chatbot:str, bytes or bytearray expected, not StringProp
INFO:chaosface.chatbot.chatbot:Chatbot: Waiting 8 seconds before reconnection attempt
ERROR:chaosface.chatbot.chatbot:Error connecting to Twitch, will attempt again...
ERROR:chaosface.chatbot.chatbot:str, bytes or bytearray expected, not StringProp
INFO:chaosface.chatbot.chatbot:Chatbot: Waiting 8 seconds before reconnection attempt
ERROR:chaosface.chatbot.chatbot:Error connecting to Twitch, will attempt again...
ERROR:chaosface.chatbot.chatbot:str, bytes or bytearray expected, not StringProp
INFO:chaosface.chatbot.chatbot:Chatbot: Waiting 8 seconds before reconnection attempt
ERROR:chaosface.chatbot.chatbot:Error connecting to Twitch, will attempt again...
ERROR:chaosface.chatbot.chatbot:str, bytes or bytearray expected, not StringProp
INFO:chaosface.chatbot.chatbot:Chatbot: Waiting 8 seconds before reconnection attempt
ERROR:chaosface.chatbot.chatbot:Error connecting to Twitch, will attempt again...
ERROR:chaosface.chatbot.chatbot:str, bytes or bytearray expected, not StringProp
INFO:chaosface.chatbot.chatbot:Chatbot: Waiting 8 seconds before reconnection attempt
ERROR:chaosface.chatbot.chatbot:Error connecting to Twitch, will attempt again...
ERROR:chaosface.chatbot.chatbot:str, bytes or bytearray expected, not StringProp
INFO:chaosface.chatbot.chatbot:Chatbot: Waiting 8 seconds before reconnection attempt
ERROR:chaosface.chatbot.chatbot:Error connecting to Twitch, will attempt again...
ERROR:chaosface.chatbot.chatbot:str, bytes or bytearray expected, not StringProp
INFO:chaosface.chatbot.chatbot:Chatbot: Waiting 8 seconds before reconnection attempt
ERROR:chaosface.chatbot.chatbot:Error connecting to Twitch, will attempt again...
ERROR:chaosface.chatbot.chatbot:str, bytes or bytearray expected, not StringProp
INFO:chaosface.chatbot.chatbot:Chatbot: Waiting 8 seconds before reconnection attempt
ERROR:chaosface.chatbot.chatbot:Error connecting to Twitch, will attempt again...
ERROR:chaosface.chatbot.chatbot:str, bytes or bytearray expected, not StringProp
INFO:chaosface.chatbot.chatbot:Chatbot: Waiting 8 seconds before reconnection attempt
ERROR:chaosface.chatbot.chatbot:Error connecting to Twitch, will attempt again...
ERROR:chaosface.chatbot.chatbot:str, bytes or bytearray expected, not StringProp
INFO:chaosface.chatbot.chatbot:Chatbot: Waiting 8 seconds before reconnection attempt
ERROR:chaosface.chatbot.chatbot:Error connecting to Twitch, will attempt again...
ERROR:chaosface.chatbot.chatbot:str, bytes or bytearray expected, not StringProp
INFO:chaosface.chatbot.chatbot:Chatbot: Waiting 8 seconds before reconnection attempt
ERROR:chaosface.chatbot.chatbot:Error connecting to Twitch, will attempt again...
ERROR:chaosface.chatbot.chatbot:str, bytes or bytearray expected, not StringProp
INFO:chaosface.chatbot.chatbot:Chatbot: Waiting 8 seconds before reconnection attempt
ERROR:chaosface.chatbot.chatbot:Error connecting to Twitch, will attempt again...
ERROR:chaosface.chatbot.chatbot:str, bytes or bytearray expected, not StringProp
INFO:chaosface.chatbot.chatbot:Chatbot: Waiting 8 seconds before reconnection attempt
ERROR:chaosface.chatbot.chatbot:Error connecting to Twitch, will attempt again...
ERROR:chaosface.chatbot.chatbot:str, bytes or bytearray expected, not StringProp
INFO:chaosface.chatbot.chatbot:Chatbot: Waiting 8 seconds before reconnection attempt
ERROR:chaosface.chatbot.chatbot:Error connecting to Twitch, will attempt again...
ERROR:chaosface.chatbot.chatbot:str, bytes or bytearray expected, not StringProp
INFO:chaosface.chatbot.chatbot:Chatbot: Waiting 8 seconds before reconnection attempt
ERROR:chaosface.chatbot.chatbot:Error connecting to Twitch, will attempt again...
ERROR:chaosface.chatbot.chatbot:str, bytes or bytearray expected, not StringProp
INFO:chaosface.chatbot.chatbot:Chatbot: Waiting 8 seconds before reconnection attempt
ERROR:chaosface.chatbot.chatbot:Error connecting to Twitch, will attempt again...
ERROR:chaosface.chatbot.chatbot:str, bytes or bytearray expected, not StringProp
INFO:chaosface.chatbot.chatbot:Chatbot: Waiting 8 seconds before reconnection attempt
ERROR:chaosface.chatbot.chatbot:Error connecting to Twitch, will attempt again...
ERROR:chaosface.chatbot.chatbot:str, bytes or bytearray expected, not StringProp
INFO:chaosface.chatbot.chatbot:Chatbot: Waiting 8 seconds before reconnection attempt
ERROR:chaosface.chatbot.chatbot:Error connecting to Twitch, will attempt again...
ERROR:chaosface.chatbot.chatbot:str, bytes or bytearray expected, not StringProp
INFO:chaosface.chatbot.chatbot:Chatbot: Waiting 8 seconds before reconnection attempt
ERROR:chaosface.chatbot.chatbot:Error connecting to Twitch, will attempt again...
ERROR:chaosface.chatbot.chatbot:str, bytes or bytearray expected, not StringProp
INFO:chaosface.chatbot.chatbot:Chatbot: Waiting 8 seconds before reconnection attempt
ERROR:chaosface.chatbot.chatbot:Error connecting to Twitch, will attempt again...
ERROR:chaosface.chatbot.chatbot:str, bytes or bytearray expected, not StringProp
INFO:chaosface.chatbot.chatbot:Chatbot: Waiting 8 seconds before reconnection attempt
ERROR:chaosface.chatbot.chatbot:Error connecting to Twitch, will attempt again...
ERROR:chaosface.chatbot.chatbot:str, bytes or bytearray expected, not StringProp
INFO:chaosface.chatbot.chatbot:Chatbot: Waiting 8 seconds before reconnection attempt
ERROR:chaosface.chatbot.chatbot:Error connecting to Twitch, will attempt again...
ERROR:chaosface.chatbot.chatbot:str, bytes or bytearray expected, not StringProp
INFO:chaosface.chatbot.chatbot:Chatbot: Waiting 8 seconds before reconnection attempt
ERROR:chaosface.chatbot.chatbot:Error connecting to Twitch, will attempt again...
ERROR:chaosface.chatbot.chatbot:str, bytes or bytearray expected, not StringProp
INFO:chaosface.chatbot.chatbot:Chatbot: Waiting 8 seconds before reconnection attempt
ERROR:chaosface.chatbot.chatbot:Error connecting to Twitch, will attempt again...
ERROR:chaosface.chatbot.chatbot:str, bytes or bytearray expected, not StringProp
INFO:chaosface.chatbot.chatbot:Chatbot: Waiting 8 seconds before reconnection attempt
ERROR:chaosface.chatbot.chatbot:Error connecting to Twitch, will attempt again...
ERROR:chaosface.chatbot.chatbot:str, bytes or bytearray expected, not StringProp
INFO:chaosface.chatbot.chatbot:Chatbot: Waiting 8 seconds before reconnection attempt
ERROR:chaosface.chatbot.chatbot:Error connecting to Twitch, will attempt again...
ERROR:chaosface.chatbot.chatbot:str, bytes or bytearray expected, not StringProp
INFO:chaosface.chatbot.chatbot:Chatbot: Waiting 8 seconds before reconnection attempt
ERROR:chaosface.chatbot.chatbot:Error connecting to Twitch, will attempt again...
ERROR:chaosface.chatbot.chatbot:str, bytes or bytearray expected, not StringProp
INFO:chaosface.chatbot.chatbot:Chatbot: Waiting 8 seconds before reconnection attempt
ERROR:chaosface.chatbot.chatbot:Error connecting to Twitch, will attempt again...
ERROR:chaosface.chatbot.chatbot:str, bytes or bytearray expected, not StringProp
INFO:chaosface.chatbot.chatbot:Chatbot: Waiting 8 seconds before reconnection attempt
ERROR:chaosface.chatbot.chatbot:Error connecting to Twitch, will attempt again...
ERROR:chaosface.chatbot.chatbot:str, bytes or bytearray expected, not StringProp
INFO:chaosface.chatbot.chatbot:Chatbot: Waiting 8 seconds before reconnection attempt
ERROR:chaosface.chatbot.chatbot:Error connecting to Twitch, will attempt again...
ERROR:chaosface.chatbot.chatbot:str, bytes or bytearray expected, not StringProp
INFO:chaosface.chatbot.chatbot:Chatbot: Waiting 8 seconds before reconnection attempt
ERROR:chaosface.chatbot.chatbot:Error connecting to Twitch, will attempt again...
ERROR:chaosface.chatbot.chatbot:str, bytes or bytearray expected, not StringProp
INFO:chaosface.chatbot.chatbot:Chatbot: Waiting 8 seconds before reconnection attempt
ERROR:chaosface.chatbot.chatbot:Error connecting to Twitch, will attempt again...
ERROR:chaosface.chatbot.chatbot:str, bytes or bytearray expected, not StringProp
INFO:chaosface.chatbot.chatbot:Chatbot: Waiting 8 seconds before reconnection attempt
ERROR:chaosface.chatbot.chatbot:Error connecting to Twitch, will attempt again...
ERROR:chaosface.chatbot.chatbot:str, bytes or bytearray expected, not StringProp
INFO:chaosface.chatbot.chatbot:Chatbot: Waiting 8 seconds before reconnection attempt
ERROR:chaosface.chatbot.chatbot:Error connecting to Twitch, will attempt again...
ERROR:chaosface.chatbot.chatbot:str, bytes or bytearray expected, not StringProp
INFO:chaosface.chatbot.chatbot:Chatbot: Waiting 8 seconds before reconnection attempt
ERROR:chaosface.chatbot.chatbot:Error connecting to Twitch, will attempt again...
ERROR:chaosface.chatbot.chatbot:str, bytes or bytearray expected, not StringProp
INFO:chaosface.chatbot.chatbot:Chatbot: Waiting 8 seconds before reconnection attempt
ERROR:chaosface.chatbot.chatbot:Error connecting to Twitch, will attempt again...
ERROR:chaosface.chatbot.chatbot:str, bytes or bytearray expected, not StringProp
INFO:chaosface.chatbot.chatbot:Chatbot: Waiting 8 seconds before reconnection attempt
ERROR:chaosface.chatbot.chatbot:Error connecting to Twitch, will attempt again...
ERROR:chaosface.chatbot.chatbot:str, bytes or bytearray expected, not StringProp
INFO:chaosface.chatbot.chatbot:Chatbot: Waiting 8 seconds before reconnection attempt
ERROR:chaosface.chatbot.chatbot:Error connecting to Twitch, will attempt again...
ERROR:chaosface.chatbot.chatbot:str, bytes or bytearray expected, not StringProp
INFO:chaosface.chatbot.chatbot:Chatbot: Waiting 8 seconds before reconnection attempt
ERROR:chaosface.chatbot.chatbot:Error connecting to Twitch, will attempt again...
ERROR:chaosface.chatbot.chatbot:str, bytes or bytearray expected, not StringProp
INFO:chaosface.chatbot.chatbot:Chatbot: Waiting 8 seconds before reconnection attempt
ERROR:chaosface.chatbot.chatbot:Error connecting to Twitch, will attempt again...
ERROR:chaosface.chatbot.chatbot:str, bytes or bytearray expected, not StringProp
INFO:chaosface.chatbot.chatbot:Chatbot: Waiting 8 seconds before reconnection attempt
ERROR:chaosface.chatbot.chatbot:Error connecting to Twitch, will attempt again...
ERROR:chaosface.chatbot.chatbot:str, bytes or bytearray expected, not StringProp
INFO:chaosface.chatbot.chatbot:Chatbot: Waiting 8 seconds before reconnection attempt
ERROR:chaosface.chatbot.chatbot:Error connecting to Twitch, will attempt again...
ERROR:chaosface.chatbot.chatbot:str, bytes or bytearray expected, not StringProp
INFO:chaosface.chatbot.chatbot:Chatbot: Waiting 8 seconds before reconnection attempt
ERROR:chaosface.chatbot.chatbot:Error connecting to Twitch, will attempt again...
ERROR:chaosface.chatbot.chatbot:str, bytes or bytearray expected, not StringProp
INFO:chaosface.chatbot.chatbot:Chatbot: Waiting 8 seconds before reconnection attempt
ERROR:chaosface.chatbot.chatbot:Error connecting to Twitch, will attempt again...
ERROR:chaosface.chatbot.chatbot:str, bytes or bytearray expected, not StringProp
INFO:chaosface.chatbot.chatbot:Chatbot: Waiting 8 seconds before reconnection attempt
ERROR:chaosface.chatbot.chatbot:Error connecting to Twitch, will attempt again...
ERROR:chaosface.chatbot.chatbot:str, bytes or bytearray expected, not StringProp
INFO:chaosface.chatbot.chatbot:Chatbot: Waiting 8 seconds before reconnection attempt
ERROR:chaosface.chatbot.chatbot:Error connecting to Twitch, will attempt again...
ERROR:chaosface.chatbot.chatbot:str, bytes or bytearray expected, not StringProp
INFO:chaosface.chatbot.chatbot:Chatbot: Waiting 8 seconds before reconnection attempt
ERROR:chaosface.chatbot.chatbot:Error connecting to Twitch, will attempt again...
ERROR:chaosface.chatbot.chatbot:str, bytes or bytearray expected, not StringProp
INFO:chaosface.chatbot.chatbot:Chatbot: Waiting 8 seconds before reconnection attempt
ERROR:chaosface.chatbot.chatbot:Error connecting to Twitch, will attempt again...
ERROR:chaosface.chatbot.chatbot:str, bytes or bytearray expected, not StringProp
INFO:chaosface.chatbot.chatbot:Chatbot: Waiting 8 seconds before reconnection attempt
ERROR:chaosface.chatbot.chatbot:Error connecting to Twitch, will attempt again...
ERROR:chaosface.chatbot.chatbot:str, bytes or bytearray expected, not StringProp
INFO:chaosface.chatbot.chatbot:Chatbot: Waiting 8 seconds before reconnection attempt
ERROR:chaosface.chatbot.chatbot:Error connecting to Twitch, will attempt again...
ERROR:chaosface.chatbot.chatbot:str, bytes or bytearray expected, not StringProp
INFO:chaosface.chatbot.chatbot:Chatbot: Waiting 8 seconds before reconnection attempt
ERROR:chaosface.chatbot.chatbot:Error connecting to Twitch, will attempt again...
ERROR:chaosface.chatbot.chatbot:str, bytes or bytearray expected, not StringProp
INFO:chaosface.chatbot.chatbot:Chatbot: Waiting 8 seconds before reconnection attempt
ERROR:chaosface.chatbot.chatbot:Error connecting to Twitch, will attempt again...
ERROR:chaosface.chatbot.chatbot:str, bytes or bytearray expected, not StringProp
INFO:chaosface.chatbot.chatbot:Chatbot: Waiting 8 seconds before reconnection attempt
ERROR:chaosface.chatbot.chatbot:Error connecting to Twitch, will attempt again...
ERROR:chaosface.chatbot.chatbot:str, bytes or bytearray expected, not StringProp
INFO:chaosface.chatbot.chatbot:Chatbot: Waiting 8 seconds before reconnection attempt
ERROR:chaosface.chatbot.chatbot:Error connecting to Twitch, will attempt again...
ERROR:chaosface.chatbot.chatbot:str, bytes or bytearray expected, not StringProp
INFO:chaosface.chatbot.chatbot:Chatbot: Waiting 8 seconds before reconnection attempt
ERROR:chaosface.chatbot.chatbot:Error connecting to Twitch, will attempt again...
ERROR:chaosface.chatbot.chatbot:str, bytes or bytearray expected, not StringProp
INFO:chaosface.chatbot.chatbot:Chatbot: Waiting 8 seconds before reconnection attempt
ERROR:chaosface.chatbot.chatbot:Error connecting to Twitch, will attempt again...
ERROR:chaosface.chatbot.chatbot:str, bytes or bytearray expected, not StringProp
INFO:chaosface.chatbot.chatbot:Chatbot: Waiting 8 seconds before reconnection attempt
ERROR:chaosface.chatbot.chatbot:Error connecting to Twitch, will attempt again...
ERROR:chaosface.chatbot.chatbot:str, bytes or bytearray expected, not StringProp
INFO:chaosface.chatbot.chatbot:Chatbot: Waiting 8 seconds before reconnection attempt
ERROR:chaosface.chatbot.chatbot:Error connecting to Twitch, will attempt again...
ERROR:chaosface.chatbot.chatbot:str, bytes or bytearray expected, not StringProp
INFO:chaosface.chatbot.chatbot:Chatbot: Waiting 8 seconds before reconnection attempt
ERROR:chaosface.chatbot.chatbot:Error connecting to Twitch, will attempt again...
ERROR:chaosface.chatbot.chatbot:str, bytes or bytearray expected, not StringProp
INFO:chaosface.chatbot.chatbot:Chatbot: Waiting 8 seconds before reconnection attempt
ERROR:chaosface.chatbot.chatbot:Error connecting to Twitch, will attempt again...
ERROR:chaosface.chatbot.chatbot:str, bytes or bytearray expected, not StringProp
INFO:chaosface.chatbot.chatbot:Chatbot: Waiting 8 seconds before reconnection attempt
ERROR:chaosface.chatbot.chatbot:Error connecting to Twitch, will attempt again...
ERROR:chaosface.chatbot.chatbot:str, bytes or bytearray expected, not StringProp
INFO:chaosface.chatbot.chatbot:Chatbot: Waiting 8 seconds before reconnection attempt
ERROR:chaosface.chatbot.chatbot:Error connecting to Twitch, will attempt again...
ERROR:chaosface.chatbot.chatbot:str, bytes or bytearray expected, not StringProp
INFO:chaosface.chatbot.chatbot:Chatbot: Waiting 8 seconds before reconnection attempt
ERROR:chaosface.chatbot.chatbot:Error connecting to Twitch, will attempt again...
ERROR:chaosface.chatbot.chatbot:str, bytes or bytearray expected, not StringProp
INFO:chaosface.chatbot.chatbot:Chatbot: Waiting 8 seconds before reconnection attempt
ERROR:chaosface.chatbot.chatbot:Error connecting to Twitch, will attempt again...
ERROR:chaosface.chatbot.chatbot:str, bytes or bytearray expected, not StringProp
INFO:chaosface.chatbot.chatbot:Chatbot: Waiting 8 seconds before reconnection attempt
ERROR:chaosface.chatbot.chatbot:Error connecting to Twitch, will attempt again...
ERROR:chaosface.chatbot.chatbot:str, bytes or bytearray expected, not StringProp
INFO:chaosface.chatbot.chatbot:Chatbot: Waiting 8 seconds before reconnection attempt
ERROR:chaosface.chatbot.chatbot:Error connecting to Twitch, will attempt again...
ERROR:chaosface.chatbot.chatbot:str, bytes or bytearray expected, not StringProp
INFO:chaosface.chatbot.chatbot:Chatbot: Waiting 8 seconds before reconnection attempt
ERROR:chaosface.chatbot.chatbot:Error connecting to Twitch, will attempt again...
ERROR:chaosface.chatbot.chatbot:str, bytes or bytearray expected, not StringProp
INFO:chaosface.chatbot.chatbot:Chatbot: Waiting 8 seconds before reconnection attempt
ERROR:chaosface.chatbot.chatbot:Error connecting to Twitch, will attempt again...
ERROR:chaosface.chatbot.chatbot:str, bytes or bytearray expected, not StringProp
INFO:chaosface.chatbot.chatbot:Chatbot: Waiting 8 seconds before reconnection attempt
ERROR:chaosface.chatbot.chatbot:Error connecting to Twitch, will attempt again...
ERROR:chaosface.chatbot.chatbot:str, bytes or bytearray expected, not StringProp
INFO:chaosface.chatbot.chatbot:Chatbot: Waiting 8 seconds before reconnection attempt
ERROR:chaosface.chatbot.chatbot:Error connecting to Twitch, will attempt again...
ERROR:chaosface.chatbot.chatbot:str, bytes or bytearray expected, not StringProp
INFO:chaosface.chatbot.chatbot:Chatbot: Waiting 8 seconds before reconnection attempt
ERROR:chaosface.chatbot.chatbot:Error connecting to Twitch, will attempt again...
ERROR:chaosface.chatbot.chatbot:str, bytes or bytearray expected, not StringProp
INFO:chaosface.chatbot.chatbot:Chatbot: Waiting 8 seconds before reconnection attempt
ERROR:chaosface.chatbot.chatbot:Error connecting to Twitch, will attempt again...
ERROR:chaosface.chatbot.chatbot:str, bytes or bytearray expected, not StringProp
INFO:chaosface.chatbot.chatbot:Chatbot: Waiting 8 seconds before reconnection attempt
ERROR:chaosface.chatbot.chatbot:Error connecting to Twitch, will attempt again...
ERROR:chaosface.chatbot.chatbot:str, bytes or bytearray expected, not StringProp
INFO:chaosface.chatbot.chatbot:Chatbot: Waiting 8 seconds before reconnection attempt
ERROR:chaosface.chatbot.chatbot:Error connecting to Twitch, will attempt again...
ERROR:chaosface.chatbot.chatbot:str, bytes or bytearray expected, not StringProp
INFO:chaosface.chatbot.chatbot:Chatbot: Waiting 8 seconds before reconnection attempt
ERROR:chaosface.chatbot.chatbot:Error connecting to Twitch, will attempt again...
ERROR:chaosface.chatbot.chatbot:str, bytes or bytearray expected, not StringProp
INFO:chaosface.chatbot.chatbot:Chatbot: Waiting 8 seconds before reconnection attempt
ERROR:chaosface.chatbot.chatbot:Error connecting to Twitch, will attempt again...
ERROR:chaosface.chatbot.chatbot:str, bytes or bytearray expected, not StringProp
INFO:chaosface.chatbot.chatbot:Chatbot: Waiting 8 seconds before reconnection attempt
ERROR:chaosface.chatbot.chatbot:Error connecting to Twitch, will attempt again...
ERROR:chaosface.chatbot.chatbot:str, bytes or bytearray expected, not StringProp
INFO:chaosface.chatbot.chatbot:Chatbot: Waiting 8 seconds before reconnection attempt
ERROR:chaosface.chatbot.chatbot:Error connecting to Twitch, will attempt again...
ERROR:chaosface.chatbot.chatbot:str, bytes or bytearray expected, not StringProp
INFO:chaosface.chatbot.chatbot:Chatbot: Waiting 8 seconds before reconnection attempt
ERROR:chaosface.chatbot.chatbot:Error connecting to Twitch, will attempt again...
ERROR:chaosface.chatbot.chatbot:str, bytes or bytearray expected, not StringProp
INFO:chaosface.chatbot.chatbot:Chatbot: Waiting 8 seconds before reconnection attempt
ERROR:chaosface.chatbot.chatbot:Error connecting to Twitch, will attempt again...
ERROR:chaosface.chatbot.chatbot:str, bytes or bytearray expected, not StringProp
INFO:chaosface.chatbot.chatbot:Chatbot: Waiting 8 seconds before reconnection attempt
ERROR:chaosface.chatbot.chatbot:Error connecting to Twitch, will attempt again...
ERROR:chaosface.chatbot.chatbot:str, bytes or bytearray expected, not StringProp
INFO:chaosface.chatbot.chatbot:Chatbot: Waiting 8 seconds before reconnection attempt
ERROR:chaosface.chatbot.chatbot:Error connecting to Twitch, will attempt again...
ERROR:chaosface.chatbot.chatbot:str, bytes or bytearray expected, not StringProp
INFO:chaosface.chatbot.chatbot:Chatbot: Waiting 8 seconds before reconnection attempt
ERROR:chaosface.chatbot.chatbot:Error connecting to Twitch, will attempt again...
ERROR:chaosface.chatbot.chatbot:str, bytes or bytearray expected, not StringProp
INFO:chaosface.chatbot.chatbot:Chatbot: Waiting 8 seconds before reconnection attempt
ERROR:chaosface.chatbot.chatbot:Error connecting to Twitch, will attempt again...
ERROR:chaosface.chatbot.chatbot:str, bytes or bytearray expected, not StringProp
INFO:chaosface.chatbot.chatbot:Chatbot: Waiting 8 seconds before reconnection attempt
ERROR:chaosface.chatbot.chatbot:Error connecting to Twitch, will attempt again...
ERROR:chaosface.chatbot.chatbot:str, bytes or bytearray expected, not StringProp
INFO:chaosface.chatbot.chatbot:Chatbot: Waiting 8 seconds before reconnection attempt
ERROR:chaosface.chatbot.chatbot:Error connecting to Twitch, will attempt again...
ERROR:chaosface.chatbot.chatbot:str, bytes or bytearray expected, not StringProp
INFO:chaosface.chatbot.chatbot:Chatbot: Waiting 8 seconds before reconnection attempt
ERROR:chaosface.chatbot.chatbot:Error connecting to Twitch, will attempt again...
ERROR:chaosface.chatbot.chatbot:str, bytes or bytearray expected, not StringProp
INFO:chaosface.chatbot.chatbot:Chatbot: Waiting 8 seconds before reconnection attempt
ERROR:chaosface.chatbot.chatbot:Error connecting to Twitch, will attempt again...
ERROR:chaosface.chatbot.chatbot:str, bytes or bytearray expected, not StringProp
INFO:chaosface.chatbot.chatbot:Chatbot: Waiting 8 seconds before reconnection attempt
ERROR:chaosface.chatbot.chatbot:Error connecting to Twitch, will attempt again...
ERROR:chaosface.chatbot.chatbot:str, bytes or bytearray expected, not StringProp
INFO:chaosface.chatbot.chatbot:Chatbot: Waiting 8 seconds before reconnection attempt
ERROR:chaosface.chatbot.chatbot:Error connecting to Twitch, will attempt again...
ERROR:chaosface.chatbot.chatbot:str, bytes or bytearray expected, not StringProp
INFO:chaosface.chatbot.chatbot:Chatbot: Waiting 8 seconds before reconnection attempt
ERROR:chaosface.chatbot.chatbot:Error connecting to Twitch, will attempt again...
ERROR:chaosface.chatbot.chatbot:str, bytes or bytearray expected, not StringProp
INFO:chaosface.chatbot.chatbot:Chatbot: Waiting 8 seconds before reconnection attempt
ERROR:chaosface.chatbot.chatbot:Error connecting to Twitch, will attempt again...
ERROR:chaosface.chatbot.chatbot:str, bytes or bytearray expected, not StringProp
INFO:chaosface.chatbot.chatbot:Chatbot: Waiting 8 seconds before reconnection attempt
ERROR:chaosface.chatbot.chatbot:Error connecting to Twitch, will attempt again...
ERROR:chaosface.chatbot.chatbot:str, bytes or bytearray expected, not StringProp
INFO:chaosface.chatbot.chatbot:Chatbot: Waiting 8 seconds before reconnection attempt
ERROR:chaosface.chatbot.chatbot:Error connecting to Twitch, will attempt again...
ERROR:chaosface.chatbot.chatbot:str, bytes or bytearray expected, not StringProp
INFO:chaosface.chatbot.chatbot:Chatbot: Waiting 8 seconds before reconnection attempt
ERROR:chaosface.chatbot.chatbot:Error connecting to Twitch, will attempt again...
ERROR:chaosface.chatbot.chatbot:str, bytes or bytearray expected, not StringProp
INFO:chaosface.chatbot.chatbot:Chatbot: Waiting 8 seconds before reconnection attempt
ERROR:chaosface.chatbot.chatbot:Error connecting to Twitch, will attempt again...
ERROR:chaosface.chatbot.chatbot:str, bytes or bytearray expected, not StringProp
INFO:chaosface.chatbot.chatbot:Chatbot: Waiting 8 seconds before reconnection attempt
ERROR:chaosface.chatbot.chatbot:Error connecting to Twitch, will attempt again...
ERROR:chaosface.chatbot.chatbot:str, bytes or bytearray expected, not StringProp
INFO:chaosface.chatbot.chatbot:Chatbot: Waiting 8 seconds before reconnection attempt
ERROR:chaosface.chatbot.chatbot:Error connecting to Twitch, will attempt again...
ERROR:chaosface.chatbot.chatbot:str, bytes or bytearray expected, not StringProp
INFO:chaosface.chatbot.chatbot:Chatbot: Waiting 8 seconds before reconnection attempt
ERROR:chaosface.chatbot.chatbot:Error connecting to Twitch, will attempt again...
ERROR:chaosface.chatbot.chatbot:str, bytes or bytearray expected, not StringProp
INFO:chaosface.chatbot.chatbot:Chatbot: Waiting 8 seconds before reconnection attempt
ERROR:chaosface.chatbot.chatbot:Error connecting to Twitch, will attempt again...
ERROR:chaosface.chatbot.chatbot:str, bytes or bytearray expected, not StringProp
INFO:chaosface.chatbot.chatbot:Chatbot: Waiting 8 seconds before reconnection attempt
ERROR:chaosface.chatbot.chatbot:Error connecting to Twitch, will attempt again...
ERROR:chaosface.chatbot.chatbot:str, bytes or bytearray expected, not StringProp
INFO:chaosface.chatbot.chatbot:Chatbot: Waiting 8 seconds before reconnection attempt
ERROR:chaosface.chatbot.chatbot:Error connecting to Twitch, will attempt again...
ERROR:chaosface.chatbot.chatbot:str, bytes or bytearray expected, not StringProp
INFO:chaosface.chatbot.chatbot:Chatbot: Waiting 8 seconds before reconnection attempt
ERROR:chaosface.chatbot.chatbot:Error connecting to Twitch, will attempt again...
ERROR:chaosface.chatbot.chatbot:str, bytes or bytearray expected, not StringProp
INFO:chaosface.chatbot.chatbot:Chatbot: Waiting 8 seconds before reconnection attempt
ERROR:chaosface.chatbot.chatbot:Error connecting to Twitch, will attempt again...
ERROR:chaosface.chatbot.chatbot:str, bytes or bytearray expected, not StringProp
INFO:chaosface.chatbot.chatbot:Chatbot: Waiting 8 seconds before reconnection attempt
ERROR:chaosface.chatbot.chatbot:Error connecting to Twitch, will attempt again...
ERROR:chaosface.chatbot.chatbot:str, bytes or bytearray expected, not StringProp
INFO:chaosface.chatbot.chatbot:Chatbot: Waiting 8 seconds before reconnection attempt
ERROR:chaosface.chatbot.chatbot:Error connecting to Twitch, will attempt again...
ERROR:chaosface.chatbot.chatbot:str, bytes or bytearray expected, not StringProp
INFO:chaosface.chatbot.chatbot:Chatbot: Waiting 8 seconds before reconnection attempt
ERROR:chaosface.chatbot.chatbot:Error connecting to Twitch, will attempt again...
ERROR:chaosface.chatbot.chatbot:str, bytes or bytearray expected, not StringProp
INFO:chaosface.chatbot.chatbot:Chatbot: Waiting 8 seconds before reconnection attempt
